===== 2025-12-26 09:04:58 =====
s8             Fri Dec 26 09:04:59 2025  560.35.05
[0] NVIDIA A40 | 32°C,   0 % |     0 / 46068 MB |
[1] NVIDIA A40 | 31°C,   0 % |     0 / 46068 MB |
[2] NVIDIA A40 | 31°C,   0 % |     0 / 46068 MB |
[3] NVIDIA A40 | 30°C,   0 % |     0 / 46068 MB |
[4] NVIDIA A40 | 31°C,   0 % |     0 / 46068 MB |
[5] NVIDIA A40 | 31°C,   0 % |     0 / 46068 MB |
[6] NVIDIA A40 | 32°C,   0 % |     0 / 46068 MB |
[7] NVIDIA A40 | 32°C,   0 % |     0 / 46068 MB |

===== 2025-12-26 09:05:00 =====
s8             Fri Dec 26 09:05:01 2025  560.35.05
[0] NVIDIA A40 | 32°C,   0 % |     0 / 46068 MB |
[1] NVIDIA A40 | 31°C,   0 % |     0 / 46068 MB |
[2] NVIDIA A40 | 31°C,   0 % |     0 / 46068 MB |
[3] NVIDIA A40 | 30°C,   0 % |     0 / 46068 MB |
[4] NVIDIA A40 | 31°C,   0 % |     0 / 46068 MB |
[5] NVIDIA A40 | 31°C,   0 % |     0 / 46068 MB |
[6] NVIDIA A40 | 32°C,   0 % |     0 / 46068 MB |
[7] NVIDIA A40 | 32°C,   0 % |     0 / 46068 MB |

===== 2025-12-26 09:05:02 =====
s8             Fri Dec 26 09:05:03 2025  560.35.05
[0] NVIDIA A40 | 32°C,   0 % |     0 / 46068 MB |
[1] NVIDIA A40 | 31°C,   0 % |     0 / 46068 MB |
[2] NVIDIA A40 | 31°C,   0 % |     0 / 46068 MB |
[3] NVIDIA A40 | 30°C,   0 % |     0 / 46068 MB |
[4] NVIDIA A40 | 31°C,   0 % |     0 / 46068 MB |
[5] NVIDIA A40 | 31°C,   0 % |     0 / 46068 MB |
[6] NVIDIA A40 | 31°C,   0 % |     0 / 46068 MB |
[7] NVIDIA A40 | 32°C,   0 % |     0 / 46068 MB |

===== 2025-12-26 09:05:04 =====
s8             Fri Dec 26 09:05:06 2025  560.35.05
[0] NVIDIA A40 | 32°C,   0 % |     0 / 46068 MB |
[1] NVIDIA A40 | 31°C,   0 % |     0 / 46068 MB |
[2] NVIDIA A40 | 31°C,   0 % |     0 / 46068 MB |
[3] NVIDIA A40 | 30°C,   1 % |     0 / 46068 MB |
[4] NVIDIA A40 | 31°C,   0 % |     0 / 46068 MB |
[5] NVIDIA A40 | 31°C,   0 % |     0 / 46068 MB |
[6] NVIDIA A40 | 32°C,   0 % |     0 / 46068 MB |
[7] NVIDIA A40 | 32°C,   0 % |     0 / 46068 MB |

===== 2025-12-26 09:05:07 =====
s8             Fri Dec 26 09:05:09 2025  560.35.05
[0] NVIDIA A40 | 32°C,   0 % |     3 / 46068 MB |
[1] NVIDIA A40 | 33°C,   0 % |    18 / 46068 MB | root(?M)
[2] NVIDIA A40 | 32°C,   0 % |    17 / 46068 MB | root(?M)
[3] NVIDIA A40 | 32°C,   1 % |   315 / 46068 MB | root(?M)
[4] NVIDIA A40 | 32°C,   0 % |    19 / 46068 MB | root(?M)
[5] NVIDIA A40 | 33°C,   0 % |   315 / 46068 MB | root(?M)
[6] NVIDIA A40 | 34°C,   4 % |   315 / 46068 MB | root(?M)
[7] NVIDIA A40 | 34°C,   0 % |   315 / 46068 MB | root(?M)

===== 2025-12-26 09:05:10 =====
s8             Fri Dec 26 09:05:11 2025  560.35.05
[0] NVIDIA A40 | 34°C,  10 % |  3133 / 46068 MB | root(?M)
[1] NVIDIA A40 | 34°C,   0 % |   315 / 46068 MB | root(?M)
[2] NVIDIA A40 | 34°C,   0 % |   315 / 46068 MB | root(?M)
[3] NVIDIA A40 | 33°C,   0 % |   349 / 46068 MB | root(?M)
[4] NVIDIA A40 | 33°C,   4 % |   365 / 46068 MB | root(?M)
[5] NVIDIA A40 | 34°C,   0 % |   365 / 46068 MB | root(?M)
[6] NVIDIA A40 | 34°C,   0 % |   365 / 46068 MB | root(?M)
[7] NVIDIA A40 | 34°C,   0 % |   365 / 46068 MB | root(?M)

===== 2025-12-26 09:05:12 =====
s8             Fri Dec 26 09:05:13 2025  560.35.05
[0] NVIDIA A40 | 35°C, 100 % |  3357 / 46068 MB | root(?M)
[1] NVIDIA A40 | 34°C,   0 % |   499 / 46068 MB | root(?M)
[2] NVIDIA A40 | 35°C, 100 % |   499 / 46068 MB | root(?M)
[3] NVIDIA A40 | 34°C, 100 % |   499 / 46068 MB | root(?M)
[4] NVIDIA A40 | 34°C, 100 % |   499 / 46068 MB | root(?M)
[5] NVIDIA A40 | 35°C, 100 % |   499 / 46068 MB | root(?M)
[6] NVIDIA A40 | 36°C, 100 % |   499 / 46068 MB | root(?M)
[7] NVIDIA A40 | 35°C, 100 % |   479 / 46068 MB | root(?M)

===== 2025-12-26 09:05:14 =====
s8             Fri Dec 26 09:05:15 2025  560.35.05
[0] NVIDIA A40 | 36°C, 100 % |  3357 / 46068 MB | root(?M)
[1] NVIDIA A40 | 35°C, 100 % |  3361 / 46068 MB | root(?M)
[2] NVIDIA A40 | 35°C,   0 % |   499 / 46068 MB | root(?M)
[3] NVIDIA A40 | 34°C, 100 % |   499 / 46068 MB | root(?M)
[4] NVIDIA A40 | 35°C, 100 % |   499 / 46068 MB | root(?M)
[5] NVIDIA A40 | 35°C, 100 % |   499 / 46068 MB | root(?M)
[6] NVIDIA A40 | 36°C, 100 % |   499 / 46068 MB | root(?M)
[7] NVIDIA A40 | 36°C, 100 % |   479 / 46068 MB | root(?M)

===== 2025-12-26 09:05:16 =====
s8             Fri Dec 26 09:05:17 2025  560.35.05
[0] NVIDIA A40 | 36°C, 100 % |  3357 / 46068 MB | root(?M)
[1] NVIDIA A40 | 36°C, 100 % |  3361 / 46068 MB | root(?M)
[2] NVIDIA A40 | 35°C,   0 % |  3361 / 46068 MB | root(?M)
[3] NVIDIA A40 | 34°C, 100 % |   499 / 46068 MB | root(?M)
[4] NVIDIA A40 | 35°C,  99 % |   499 / 46068 MB | root(?M)
[5] NVIDIA A40 | 36°C,  99 % |   499 / 46068 MB | root(?M)
[6] NVIDIA A40 | 36°C, 100 % |   499 / 46068 MB | root(?M)
[7] NVIDIA A40 | 36°C, 100 % |   479 / 46068 MB | root(?M)

===== 2025-12-26 09:05:18 =====
s8             Fri Dec 26 09:05:19 2025  560.35.05
[0] NVIDIA A40 | 37°C, 100 % |  3357 / 46068 MB | root(?M)
[1] NVIDIA A40 | 36°C, 100 % |  3361 / 46068 MB | root(?M)
[2] NVIDIA A40 | 36°C, 100 % |  3361 / 46068 MB | root(?M)
[3] NVIDIA A40 | 34°C,   6 % |  2069 / 46068 MB | root(?M)
[4] NVIDIA A40 | 36°C, 100 % |   499 / 46068 MB | root(?M)
[5] NVIDIA A40 | 36°C, 100 % |   499 / 46068 MB | root(?M)
[6] NVIDIA A40 | 37°C, 100 % |   499 / 46068 MB | root(?M)
[7] NVIDIA A40 | 36°C, 100 % |   479 / 46068 MB | root(?M)

===== 2025-12-26 09:05:20 =====
s8             Fri Dec 26 09:05:21 2025  560.35.05
[0] NVIDIA A40 | 37°C, 100 % |  3357 / 46068 MB | root(?M)
[1] NVIDIA A40 | 36°C, 100 % |  3361 / 46068 MB | root(?M)
[2] NVIDIA A40 | 36°C, 100 % |  3361 / 46068 MB | root(?M)
[3] NVIDIA A40 | 35°C, 100 % |  3361 / 46068 MB | root(?M)
[4] NVIDIA A40 | 35°C,   0 % |   499 / 46068 MB | root(?M)
[5] NVIDIA A40 | 36°C, 100 % |   499 / 46068 MB | root(?M)
[6] NVIDIA A40 | 37°C, 100 % |   499 / 46068 MB | root(?M)
[7] NVIDIA A40 | 37°C, 100 % |   479 / 46068 MB | root(?M)

===== 2025-12-26 09:05:22 =====
s8             Fri Dec 26 09:05:23 2025  560.35.05
[0] NVIDIA A40 | 37°C, 100 % |  3357 / 46068 MB | root(?M)
[1] NVIDIA A40 | 37°C, 100 % |  3361 / 46068 MB | root(?M)
[2] NVIDIA A40 | 36°C, 100 % |  3361 / 46068 MB | root(?M)
[3] NVIDIA A40 | 35°C, 100 % |  3361 / 46068 MB | root(?M)
[4] NVIDIA A40 | 35°C,   5 % |  3361 / 46068 MB | root(?M)
[5] NVIDIA A40 | 37°C,  94 % |   499 / 46068 MB | root(?M)
[6] NVIDIA A40 | 37°C, 100 % |   499 / 46068 MB | root(?M)
[7] NVIDIA A40 | 37°C, 100 % |   479 / 46068 MB | root(?M)

===== 2025-12-26 09:05:24 =====
s8             Fri Dec 26 09:05:25 2025  560.35.05
[0] NVIDIA A40 | 38°C, 100 % |  3357 / 46068 MB | root(?M)
[1] NVIDIA A40 | 37°C, 100 % |  3361 / 46068 MB | root(?M)
[2] NVIDIA A40 | 37°C, 100 % |  3361 / 46068 MB | root(?M)
[3] NVIDIA A40 | 36°C, 100 % |  3361 / 46068 MB | root(?M)
[4] NVIDIA A40 | 36°C, 100 % |  3361 / 46068 MB | root(?M)
[5] NVIDIA A40 | 36°C,   5 % |  1827 / 46068 MB | root(?M)
[6] NVIDIA A40 | 38°C, 100 % |   499 / 46068 MB | root(?M)
[7] NVIDIA A40 | 37°C, 100 % |   479 / 46068 MB | root(?M)

===== 2025-12-26 09:05:26 =====
s8             Fri Dec 26 09:05:27 2025  560.35.05
[0] NVIDIA A40 | 38°C, 100 % |  3357 / 46068 MB | root(?M)
[1] NVIDIA A40 | 37°C, 100 % |  3361 / 46068 MB | root(?M)
[2] NVIDIA A40 | 37°C, 100 % |  3361 / 46068 MB | root(?M)
[3] NVIDIA A40 | 36°C, 100 % |  3361 / 46068 MB | root(?M)
[4] NVIDIA A40 | 36°C, 100 % |  3361 / 46068 MB | root(?M)
[5] NVIDIA A40 | 37°C, 100 % |  3361 / 46068 MB | root(?M)
[6] NVIDIA A40 | 37°C,   0 % |   499 / 46068 MB | root(?M)
[7] NVIDIA A40 | 38°C, 100 % |   479 / 46068 MB | root(?M)

===== 2025-12-26 09:05:28 =====
s8             Fri Dec 26 09:05:29 2025  560.35.05
[0] NVIDIA A40 | 38°C, 100 % |  3357 / 46068 MB | root(?M)
[1] NVIDIA A40 | 38°C, 100 % |  3361 / 46068 MB | root(?M)
[2] NVIDIA A40 | 37°C, 100 % |  3361 / 46068 MB | root(?M)
[3] NVIDIA A40 | 36°C, 100 % |  3361 / 46068 MB | root(?M)
[4] NVIDIA A40 | 37°C, 100 % |  3361 / 46068 MB | root(?M)
[5] NVIDIA A40 | 37°C, 100 % |  3361 / 46068 MB | root(?M)
[6] NVIDIA A40 | 38°C, 100 % |  3361 / 46068 MB | root(?M)
[7] NVIDIA A40 | 37°C,   0 % |   479 / 46068 MB | root(?M)

===== 2025-12-26 09:05:30 =====
s8             Fri Dec 26 09:05:32 2025  560.35.05
[0] NVIDIA A40 | 38°C,   0 % |  3455 / 46068 MB | root(?M)
[1] NVIDIA A40 | 37°C,   0 % |  3507 / 46068 MB | root(?M)
[2] NVIDIA A40 | 37°C,   0 % |  3579 / 46068 MB | root(?M)
[3] NVIDIA A40 | 36°C,   0 % |  3645 / 46068 MB | root(?M)
[4] NVIDIA A40 | 37°C,  48 % |  8883 / 46068 MB | root(?M)
[5] NVIDIA A40 | 37°C,  49 % |  8883 / 46068 MB | root(?M)
[6] NVIDIA A40 | 38°C,  23 % |  8883 / 46068 MB | root(?M)
[7] NVIDIA A40 | 37°C,   0 % |  9007 / 46068 MB | root(?M)

===== 2025-12-26 09:05:33 =====
s8             Fri Dec 26 09:05:34 2025  560.35.05
[0] NVIDIA A40 | 38°C,   0 % |  9363 / 46068 MB | root(?M)
[1] NVIDIA A40 | 37°C,   0 % |  9367 / 46068 MB | root(?M)
[2] NVIDIA A40 | 37°C,   0 % |  9367 / 46068 MB | root(?M)
[3] NVIDIA A40 | 35°C,   0 % |  9367 / 46068 MB | root(?M)
[4] NVIDIA A40 | 36°C,   0 % |  8883 / 46068 MB | root(?M)
[5] NVIDIA A40 | 37°C,   0 % |  8883 / 46068 MB | root(?M)
[6] NVIDIA A40 | 37°C,   0 % |  8883 / 46068 MB | root(?M)
[7] NVIDIA A40 | 37°C,   0 % |  9007 / 46068 MB | root(?M)

===== 2025-12-26 09:05:35 =====
s8             Fri Dec 26 09:05:36 2025  560.35.05
[0] NVIDIA A40 | 38°C,   0 % |  9363 / 46068 MB | root(?M)
[1] NVIDIA A40 | 37°C,   0 % |  9367 / 46068 MB | root(?M)
[2] NVIDIA A40 | 37°C,   0 % |  9367 / 46068 MB | root(?M)
[3] NVIDIA A40 | 36°C,   0 % |  9367 / 46068 MB | root(?M)
[4] NVIDIA A40 | 36°C,   0 % |  8883 / 46068 MB | root(?M)
[5] NVIDIA A40 | 37°C,   0 % |  8883 / 46068 MB | root(?M)
[6] NVIDIA A40 | 37°C,   0 % |  8883 / 46068 MB | root(?M)
[7] NVIDIA A40 | 38°C,  43 % |  9007 / 46068 MB | root(?M)

===== 2025-12-26 09:05:37 =====
s8             Fri Dec 26 09:05:38 2025  560.35.05
[0] NVIDIA A40 | 38°C,   4 % |  9451 / 46068 MB | root(?M)
[1] NVIDIA A40 | 38°C,   0 % |  9455 / 46068 MB | root(?M)
[2] NVIDIA A40 | 41°C,   0 % |  9857 / 46068 MB | root(?M)
[3] NVIDIA A40 | 43°C,  31 % | 12215 / 46068 MB | root(?M)
[4] NVIDIA A40 | 37°C,  23 % |  8987 / 46068 MB | root(?M)
[5] NVIDIA A40 | 40°C,   0 % | 13421 / 46068 MB | root(?M)
[6] NVIDIA A40 | 45°C,  39 % | 14895 / 46068 MB | root(?M)
[7] NVIDIA A40 | 46°C,  91 % | 13889 / 46068 MB | root(?M)

===== 2025-12-26 09:05:39 =====
s8             Fri Dec 26 09:05:40 2025  560.35.05
[0] NVIDIA A40 | 45°C,  98 % | 15201 / 46068 MB | root(?M)
[1] NVIDIA A40 | 46°C,  99 % | 16821 / 46068 MB | root(?M)
[2] NVIDIA A40 | 41°C,  82 % | 15205 / 46068 MB | root(?M)
[3] NVIDIA A40 | 39°C,  33 % | 10487 / 46068 MB | root(?M)
[4] NVIDIA A40 | 40°C, 100 % | 16459 / 46068 MB | root(?M)
[5] NVIDIA A40 | 41°C, 100 % | 16603 / 46068 MB | root(?M)
[6] NVIDIA A40 | 41°C,  99 % | 16459 / 46068 MB | root(?M)
[7] NVIDIA A40 | 46°C,  99 % | 18339 / 46068 MB | root(?M)

===== 2025-12-26 09:05:41 =====
s8             Fri Dec 26 09:05:42 2025  560.35.05
[0] NVIDIA A40 | 41°C, 100 % | 19325 / 46068 MB | root(?M)
[1] NVIDIA A40 | 46°C,  98 % | 22577 / 46068 MB | root(?M)
[2] NVIDIA A40 | 47°C,  98 % | 22465 / 46068 MB | root(?M)
[3] NVIDIA A40 | 43°C, 100 % | 20817 / 46068 MB | root(?M)
[4] NVIDIA A40 | 41°C, 100 % | 19145 / 46068 MB | root(?M)
[5] NVIDIA A40 | 43°C, 100 % | 18135 / 46068 MB | root(?M)
[6] NVIDIA A40 | 43°C, 100 % | 19179 / 46068 MB | root(?M)
[7] NVIDIA A40 | 47°C,  99 % | 20257 / 46068 MB | root(?M)

===== 2025-12-26 09:05:43 =====
s8             Fri Dec 26 09:05:44 2025  560.35.05
[0] NVIDIA A40 | 48°C,  98 % | 20217 / 46068 MB | root(?M)
[1] NVIDIA A40 | 47°C,  98 % | 19599 / 46068 MB | root(?M)
[2] NVIDIA A40 | 43°C,  92 % | 16591 / 46068 MB | root(?M) root(?M)
[3] NVIDIA A40 | 40°C,  63 % | 17931 / 46068 MB | root(?M) root(?M)
[4] NVIDIA A40 | 41°C,   0 % | 18127 / 46068 MB | root(?M)
[5] NVIDIA A40 | 42°C,   0 % | 18477 / 46068 MB | root(?M)
[6] NVIDIA A40 | 42°C,   0 % | 18683 / 46068 MB | root(?M)
[7] NVIDIA A40 | 42°C,   0 % | 19279 / 46068 MB | root(?M)

===== 2025-12-26 09:05:45 =====
s8             Fri Dec 26 09:05:47 2025  560.35.05
[0] NVIDIA A40 | 40°C,   0 % | 17904 / 46068 MB | root(?M) root(?M)
[1] NVIDIA A40 | 41°C,   0 % | 17016 / 46068 MB | root(?M) root(?M)
[2] NVIDIA A40 | 40°C,   1 % | 17410 / 46068 MB | root(?M) root(?M)
[3] NVIDIA A40 | 38°C,  27 % |   269 / 46068 MB | root(?M)
[4] NVIDIA A40 | 40°C,  15 % |     3 / 46068 MB |
[5] NVIDIA A40 | 40°C,   0 % | 18051 / 46068 MB | root(?M)
[6] NVIDIA A40 | 41°C,   0 % |     3 / 46068 MB |
[7] NVIDIA A40 | 41°C,  85 % |     3 / 46068 MB |

