===== 2025-12-26 09:08:35 =====
s8             Fri Dec 26 09:08:36 2025  560.35.05
[0] NVIDIA A40 | 32°C,   0 % |     0 / 46068 MB |
[1] NVIDIA A40 | 32°C,   0 % |     0 / 46068 MB |
[2] NVIDIA A40 | 32°C,   0 % |     0 / 46068 MB |
[3] NVIDIA A40 | 31°C,   0 % |     0 / 46068 MB |
[4] NVIDIA A40 | 31°C,   0 % |     0 / 46068 MB |
[5] NVIDIA A40 | 32°C,   0 % |     0 / 46068 MB |
[6] NVIDIA A40 | 32°C,   0 % |     0 / 46068 MB |
[7] NVIDIA A40 | 33°C,   0 % |     0 / 46068 MB |

===== 2025-12-26 09:08:37 =====
s8             Fri Dec 26 09:08:38 2025  560.35.05
[0] NVIDIA A40 | 32°C,   0 % |     0 / 46068 MB |
[1] NVIDIA A40 | 32°C,   0 % |     0 / 46068 MB |
[2] NVIDIA A40 | 32°C,   0 % |     0 / 46068 MB |
[3] NVIDIA A40 | 31°C,   0 % |     0 / 46068 MB |
[4] NVIDIA A40 | 31°C,   0 % |     0 / 46068 MB |
[5] NVIDIA A40 | 32°C,   0 % |     0 / 46068 MB |
[6] NVIDIA A40 | 32°C,   0 % |     0 / 46068 MB |
[7] NVIDIA A40 | 33°C,   0 % |     0 / 46068 MB |

===== 2025-12-26 09:08:39 =====
s8             Fri Dec 26 09:08:40 2025  560.35.05
[0] NVIDIA A40 | 32°C,   0 % |     0 / 46068 MB |
[1] NVIDIA A40 | 32°C,   0 % |     0 / 46068 MB |
[2] NVIDIA A40 | 32°C,   0 % |     0 / 46068 MB |
[3] NVIDIA A40 | 31°C,   0 % |     0 / 46068 MB |
[4] NVIDIA A40 | 31°C,   0 % |     0 / 46068 MB |
[5] NVIDIA A40 | 32°C,   0 % |     0 / 46068 MB |
[6] NVIDIA A40 | 32°C,   0 % |     0 / 46068 MB |
[7] NVIDIA A40 | 33°C,   0 % |     0 / 46068 MB |

===== 2025-12-26 09:08:41 =====
s8             Fri Dec 26 09:08:43 2025  560.35.05
[0] NVIDIA A40 | 32°C,   0 % |     0 / 46068 MB |
[1] NVIDIA A40 | 32°C,   0 % |     0 / 46068 MB |
[2] NVIDIA A40 | 32°C,   1 % |     0 / 46068 MB |
[3] NVIDIA A40 | 31°C,   0 % |     0 / 46068 MB |
[4] NVIDIA A40 | 31°C,   0 % |     0 / 46068 MB |
[5] NVIDIA A40 | 32°C,   0 % |     0 / 46068 MB |
[6] NVIDIA A40 | 32°C,   0 % |     0 / 46068 MB |
[7] NVIDIA A40 | 33°C,   0 % |     0 / 46068 MB |

===== 2025-12-26 09:08:44 =====
s8             Fri Dec 26 09:08:46 2025  560.35.05
[0] NVIDIA A40 | 33°C,   0 % |     3 / 46068 MB |
[1] NVIDIA A40 | 34°C,   0 % |    71 / 46068 MB | root(?M)
[2] NVIDIA A40 | 34°C,   0 % |   315 / 46068 MB | root(?M)
[3] NVIDIA A40 | 32°C,   0 % |    18 / 46068 MB | root(?M)
[4] NVIDIA A40 | 33°C,   5 % |   315 / 46068 MB | root(?M)
[5] NVIDIA A40 | 34°C,   0 % |   315 / 46068 MB | root(?M)
[6] NVIDIA A40 | 34°C,   0 % |   315 / 46068 MB | root(?M)
[7] NVIDIA A40 | 35°C,   0 % |   315 / 46068 MB | root(?M)

===== 2025-12-26 09:08:47 =====
s8             Fri Dec 26 09:08:48 2025  560.35.05
[0] NVIDIA A40 | 35°C,   0 % |  3227 / 46068 MB | root(?M)
[1] NVIDIA A40 | 35°C,   0 % |   365 / 46068 MB | root(?M)
[2] NVIDIA A40 | 35°C,   0 % |   401 / 46068 MB | root(?M)
[3] NVIDIA A40 | 33°C,   0 % |   499 / 46068 MB | root(?M)
[4] NVIDIA A40 | 34°C,   0 % |   499 / 46068 MB | root(?M)
[5] NVIDIA A40 | 35°C, 100 % |   499 / 46068 MB | root(?M)
[6] NVIDIA A40 | 36°C, 100 % |   499 / 46068 MB | root(?M)
[7] NVIDIA A40 | 36°C, 100 % |   479 / 46068 MB | root(?M)

===== 2025-12-26 09:08:49 =====
s8             Fri Dec 26 09:08:50 2025  560.35.05
[0] NVIDIA A40 | 36°C, 100 % |  3357 / 46068 MB | root(?M)
[1] NVIDIA A40 | 35°C,   2 % |  3361 / 46068 MB | root(?M)
[2] NVIDIA A40 | 35°C, 100 % |   499 / 46068 MB | root(?M)
[3] NVIDIA A40 | 34°C, 100 % |   499 / 46068 MB | root(?M)
[4] NVIDIA A40 | 35°C, 100 % |   499 / 46068 MB | root(?M)
[5] NVIDIA A40 | 36°C, 100 % |   499 / 46068 MB | root(?M)
[6] NVIDIA A40 | 36°C, 100 % |   499 / 46068 MB | root(?M)
[7] NVIDIA A40 | 36°C, 100 % |   479 / 46068 MB | root(?M)

===== 2025-12-26 09:08:51 =====
s8             Fri Dec 26 09:08:52 2025  560.35.05
[0] NVIDIA A40 | 37°C, 100 % |  3357 / 46068 MB | root(?M)
[1] NVIDIA A40 | 36°C, 100 % |  3361 / 46068 MB | root(?M)
[2] NVIDIA A40 | 35°C,  10 % |  2893 / 46068 MB | root(?M)
[3] NVIDIA A40 | 35°C, 100 % |   499 / 46068 MB | root(?M)
[4] NVIDIA A40 | 36°C, 100 % |   499 / 46068 MB | root(?M)
[5] NVIDIA A40 | 36°C, 100 % |   499 / 46068 MB | root(?M)
[6] NVIDIA A40 | 37°C, 100 % |   499 / 46068 MB | root(?M)
[7] NVIDIA A40 | 37°C, 100 % |   479 / 46068 MB | root(?M)

===== 2025-12-26 09:08:53 =====
s8             Fri Dec 26 09:08:54 2025  560.35.05
[0] NVIDIA A40 | 37°C, 100 % |  3357 / 46068 MB | root(?M)
[1] NVIDIA A40 | 37°C, 100 % |  3361 / 46068 MB | root(?M)
[2] NVIDIA A40 | 36°C, 100 % |  3361 / 46068 MB | root(?M)
[3] NVIDIA A40 | 34°C,   7 % |  1617 / 46068 MB | root(?M)
[4] NVIDIA A40 | 36°C, 100 % |   499 / 46068 MB | root(?M)
[5] NVIDIA A40 | 37°C, 100 % |   499 / 46068 MB | root(?M)
[6] NVIDIA A40 | 37°C, 100 % |   499 / 46068 MB | root(?M)
[7] NVIDIA A40 | 37°C, 100 % |   479 / 46068 MB | root(?M)

===== 2025-12-26 09:08:55 =====
s8             Fri Dec 26 09:08:56 2025  560.35.05
[0] NVIDIA A40 | 37°C, 100 % |  3357 / 46068 MB | root(?M)
[1] NVIDIA A40 | 37°C, 100 % |  3361 / 46068 MB | root(?M)
[2] NVIDIA A40 | 37°C, 100 % |  3361 / 46068 MB | root(?M)
[3] NVIDIA A40 | 35°C, 100 % |  3361 / 46068 MB | root(?M)
[4] NVIDIA A40 | 35°C,   0 % |   499 / 46068 MB | root(?M)
[5] NVIDIA A40 | 37°C, 100 % |   499 / 46068 MB | root(?M)
[6] NVIDIA A40 | 37°C, 100 % |   499 / 46068 MB | root(?M)
[7] NVIDIA A40 | 37°C, 100 % |   479 / 46068 MB | root(?M)

===== 2025-12-26 09:08:57 =====
s8             Fri Dec 26 09:08:58 2025  560.35.05
[0] NVIDIA A40 | 38°C, 100 % |  3357 / 46068 MB | root(?M)
[1] NVIDIA A40 | 38°C, 100 % |  3361 / 46068 MB | root(?M)
[2] NVIDIA A40 | 37°C, 100 % |  3361 / 46068 MB | root(?M)
[3] NVIDIA A40 | 36°C,  99 % |  3361 / 46068 MB | root(?M)
[4] NVIDIA A40 | 36°C,  99 % |  3361 / 46068 MB | root(?M)
[5] NVIDIA A40 | 37°C,   0 % |   499 / 46068 MB | root(?M)
[6] NVIDIA A40 | 38°C, 100 % |   499 / 46068 MB | root(?M)
[7] NVIDIA A40 | 38°C, 100 % |   479 / 46068 MB | root(?M)

===== 2025-12-26 09:08:59 =====
s8             Fri Dec 26 09:09:00 2025  560.35.05
[0] NVIDIA A40 | 38°C, 100 % |  3357 / 46068 MB | root(?M)
[1] NVIDIA A40 | 38°C, 100 % |  3361 / 46068 MB | root(?M)
[2] NVIDIA A40 | 37°C, 100 % |  3361 / 46068 MB | root(?M)
[3] NVIDIA A40 | 36°C, 100 % |  3361 / 46068 MB | root(?M)
[4] NVIDIA A40 | 37°C, 100 % |  3361 / 46068 MB | root(?M)
[5] NVIDIA A40 | 37°C, 100 % |  3361 / 46068 MB | root(?M)
[6] NVIDIA A40 | 37°C,   0 % |   499 / 46068 MB | root(?M)
[7] NVIDIA A40 | 38°C, 100 % |   479 / 46068 MB | root(?M)

===== 2025-12-26 09:09:01 =====
s8             Fri Dec 26 09:09:02 2025  560.35.05
[0] NVIDIA A40 | 38°C, 100 % |  3357 / 46068 MB | root(?M)
[1] NVIDIA A40 | 38°C, 100 % |  3361 / 46068 MB | root(?M)
[2] NVIDIA A40 | 38°C, 100 % |  3361 / 46068 MB | root(?M)
[3] NVIDIA A40 | 36°C, 100 % |  3361 / 46068 MB | root(?M)
[4] NVIDIA A40 | 37°C, 100 % |  3361 / 46068 MB | root(?M)
[5] NVIDIA A40 | 38°C, 100 % |  3361 / 46068 MB | root(?M)
[6] NVIDIA A40 | 38°C, 100 % |  3361 / 46068 MB | root(?M)
[7] NVIDIA A40 | 37°C,  56 % |  1419 / 46068 MB | root(?M)

===== 2025-12-26 09:09:04 =====
s8             Fri Dec 26 09:09:05 2025  560.35.05
[0] NVIDIA A40 | 38°C,   0 % |  3503 / 46068 MB | root(?M)
[1] NVIDIA A40 | 38°C,   0 % |  3507 / 46068 MB | root(?M)
[2] NVIDIA A40 | 37°C,   0 % |  3579 / 46068 MB | root(?M)
[3] NVIDIA A40 | 36°C,   0 % |  9367 / 46068 MB | root(?M)
[4] NVIDIA A40 | 37°C,  51 % |  8883 / 46068 MB | root(?M)
[5] NVIDIA A40 | 37°C,  54 % |  8731 / 46068 MB | root(?M)
[6] NVIDIA A40 | 38°C,  29 % |  9115 / 46068 MB | root(?M)
[7] NVIDIA A40 | 38°C,   0 % |  8879 / 46068 MB | root(?M)

===== 2025-12-26 09:09:06 =====
s8             Fri Dec 26 09:09:07 2025  560.35.05
[0] NVIDIA A40 | 38°C,   0 % |  9323 / 46068 MB | root(?M)
[1] NVIDIA A40 | 38°C,   0 % |  8363 / 46068 MB | root(?M)
[2] NVIDIA A40 | 37°C,   0 % |  9095 / 46068 MB | root(?M)
[3] NVIDIA A40 | 36°C,   0 % |  9367 / 46068 MB | root(?M)
[4] NVIDIA A40 | 36°C,   0 % |  8883 / 46068 MB | root(?M)
[5] NVIDIA A40 | 37°C,   0 % |  8731 / 46068 MB | root(?M)
[6] NVIDIA A40 | 37°C,   0 % |  9115 / 46068 MB | root(?M)
[7] NVIDIA A40 | 38°C,   0 % |  8879 / 46068 MB | root(?M)

===== 2025-12-26 09:09:08 =====
s8             Fri Dec 26 09:09:09 2025  560.35.05
[0] NVIDIA A40 | 38°C,   0 % |  9323 / 46068 MB | root(?M)
[1] NVIDIA A40 | 38°C,   0 % |  8363 / 46068 MB | root(?M)
[2] NVIDIA A40 | 37°C,   0 % |  9095 / 46068 MB | root(?M)
[3] NVIDIA A40 | 36°C,   0 % |  9367 / 46068 MB | root(?M)
[4] NVIDIA A40 | 36°C,   0 % |  8883 / 46068 MB | root(?M)
[5] NVIDIA A40 | 37°C,   0 % |  8731 / 46068 MB | root(?M)
[6] NVIDIA A40 | 38°C,   0 % |  9115 / 46068 MB | root(?M)
[7] NVIDIA A40 | 38°C,   4 % |  8879 / 46068 MB | root(?M)

===== 2025-12-26 09:09:10 =====
s8             Fri Dec 26 09:09:11 2025  560.35.05
[0] NVIDIA A40 | 38°C,   5 % |  9411 / 46068 MB | root(?M)
[1] NVIDIA A40 | 38°C,   1 % |  8451 / 46068 MB | root(?M)
[2] NVIDIA A40 | 41°C,   1 % |  9191 / 46068 MB | root(?M)
[3] NVIDIA A40 | 37°C,  83 % |  9459 / 46068 MB | root(?M)
[4] NVIDIA A40 | 44°C,  84 % | 12431 / 46068 MB | root(?M)
[5] NVIDIA A40 | 45°C,  57 % | 11873 / 46068 MB | root(?M)
[6] NVIDIA A40 | 45°C,  87 % | 12331 / 46068 MB | root(?M)
[7] NVIDIA A40 | 41°C,  89 % | 12005 / 46068 MB | root(?M)

===== 2025-12-26 09:09:12 =====
s8             Fri Dec 26 09:09:13 2025  560.35.05
[0] NVIDIA A40 | 42°C,  98 % | 16785 / 46068 MB | root(?M)
[1] NVIDIA A40 | 44°C,  88 % | 16609 / 46068 MB | root(?M)
[2] NVIDIA A40 | 44°C,  47 % | 16495 / 46068 MB | root(?M)
[3] NVIDIA A40 | 41°C,  94 % | 16451 / 46068 MB | root(?M)
[4] NVIDIA A40 | 45°C,  95 % | 18487 / 46068 MB | root(?M)
[5] NVIDIA A40 | 44°C, 100 % | 18483 / 46068 MB | root(?M)
[6] NVIDIA A40 | 45°C,  67 % | 17451 / 46068 MB | root(?M)
[7] NVIDIA A40 | 42°C,  46 % | 17409 / 46068 MB | root(?M)

===== 2025-12-26 09:09:14 =====
s8             Fri Dec 26 09:09:15 2025  560.35.05
[0] NVIDIA A40 | 40°C,   0 % | 17730 / 46068 MB | root(?M) root(?M)
[1] NVIDIA A40 | 40°C,   1 % | 17542 / 46068 MB | root(?M) root(?M)
[2] NVIDIA A40 | 39°C,   1 % | 17612 / 46068 MB | root(?M) root(?M)
[3] NVIDIA A40 | 37°C,   0 % | 17568 / 46068 MB | root(?M) root(?M)
[4] NVIDIA A40 | 38°C,   0 % | 17327 / 46068 MB | root(?M)
[5] NVIDIA A40 | 39°C,   0 % | 17325 / 46068 MB | root(?M)
[6] NVIDIA A40 | 40°C,   0 % | 17307 / 46068 MB | root(?M)
[7] NVIDIA A40 | 40°C,   0 % | 17285 / 46068 MB | root(?M)

===== 2025-12-26 09:09:16 =====
s8             Fri Dec 26 09:09:17 2025  560.35.05
[0] NVIDIA A40 | 39°C,  46 % |     0 / 46068 MB |
[1] NVIDIA A40 | 39°C,   0 % |     0 / 46068 MB |
[2] NVIDIA A40 | 39°C,   0 % |     0 / 46068 MB |
[3] NVIDIA A40 | 37°C,   0 % |     0 / 46068 MB |
[4] NVIDIA A40 | 38°C,   0 % |     0 / 46068 MB |
[5] NVIDIA A40 | 39°C,   0 % |     0 / 46068 MB |
[6] NVIDIA A40 | 39°C,   0 % |     0 / 46068 MB |
[7] NVIDIA A40 | 39°C,   0 % |     0 / 46068 MB |
