===== 2025-12-24 11:13:23 =====
s8             Wed Dec 24 11:13:24 2025  560.35.05
[0] NVIDIA A40 | 46°C,   0 % |     0 / 46068 MB |
[1] NVIDIA A40 | 48°C,   0 % |     0 / 46068 MB |
[2] NVIDIA A40 | 46°C,   0 % |     0 / 46068 MB |
[3] NVIDIA A40 | 43°C,   0 % |     0 / 46068 MB |
[4] NVIDIA A40 | 43°C,   0 % |     0 / 46068 MB |
[5] NVIDIA A40 | 45°C,   0 % |     0 / 46068 MB |
[6] NVIDIA A40 | 49°C,   0 % |     0 / 46068 MB |
[7] NVIDIA A40 | 51°C,   0 % |     0 / 46068 MB |

===== 2025-12-24 11:13:25 =====
s8             Wed Dec 24 11:13:26 2025  560.35.05
[0] NVIDIA A40 | 44°C,   0 % |     0 / 46068 MB |
[1] NVIDIA A40 | 46°C,   0 % |     0 / 46068 MB |
[2] NVIDIA A40 | 44°C,   0 % |     0 / 46068 MB |
[3] NVIDIA A40 | 41°C,   0 % |     0 / 46068 MB |
[4] NVIDIA A40 | 42°C,   0 % |     0 / 46068 MB |
[5] NVIDIA A40 | 44°C,   0 % |     0 / 46068 MB |
[6] NVIDIA A40 | 47°C,   0 % |     0 / 46068 MB |
[7] NVIDIA A40 | 49°C,   0 % |     0 / 46068 MB |

===== 2025-12-24 11:13:27 =====
s8             Wed Dec 24 11:13:28 2025  560.35.05
[0] NVIDIA A40 | 44°C,   0 % |     0 / 46068 MB |
[1] NVIDIA A40 | 46°C,   0 % |     0 / 46068 MB |
[2] NVIDIA A40 | 43°C,   0 % |     0 / 46068 MB |
[3] NVIDIA A40 | 41°C,   0 % |     0 / 46068 MB |
[4] NVIDIA A40 | 42°C,   0 % |     0 / 46068 MB |
[5] NVIDIA A40 | 43°C,   0 % |     0 / 46068 MB |
[6] NVIDIA A40 | 46°C,   0 % |     0 / 46068 MB |
[7] NVIDIA A40 | 48°C,   0 % |     0 / 46068 MB |

===== 2025-12-24 11:13:29 =====
s8             Wed Dec 24 11:13:31 2025  560.35.05
[0] NVIDIA A40 | 43°C,   0 % |     0 / 46068 MB |
[1] NVIDIA A40 | 45°C,   0 % |     0 / 46068 MB |
[2] NVIDIA A40 | 43°C,   0 % |     0 / 46068 MB |
[3] NVIDIA A40 | 41°C,   0 % |     0 / 46068 MB |
[4] NVIDIA A40 | 41°C,   0 % |     0 / 46068 MB |
[5] NVIDIA A40 | 43°C,   0 % |     0 / 46068 MB |
[6] NVIDIA A40 | 46°C,   0 % |     0 / 46068 MB |
[7] NVIDIA A40 | 48°C,   0 % |     0 / 46068 MB |

===== 2025-12-24 11:13:32 =====
s8             Wed Dec 24 11:13:33 2025  560.35.05
[0] NVIDIA A40 | 43°C,   0 % |    17 / 46068 MB | root(?M)
[1] NVIDIA A40 | 46°C,   0 % |   315 / 46068 MB | root(?M)
[2] NVIDIA A40 | 44°C,   4 % |   315 / 46068 MB | root(?M)
[3] NVIDIA A40 | 41°C,   4 % |   315 / 46068 MB | root(?M)
[4] NVIDIA A40 | 42°C,   0 % |   315 / 46068 MB | root(?M)
[5] NVIDIA A40 | 44°C,   0 % |   315 / 46068 MB | root(?M)
[6] NVIDIA A40 | 47°C,   0 % |   315 / 46068 MB | root(?M)
[7] NVIDIA A40 | 49°C,   0 % |   315 / 46068 MB | root(?M)

===== 2025-12-24 11:13:34 =====
s8             Wed Dec 24 11:13:35 2025  560.35.05
[0] NVIDIA A40 | 45°C,  11 % |  2437 / 46068 MB | root(?M)
[1] NVIDIA A40 | 47°C,   5 % |   499 / 46068 MB | root(?M)
[2] NVIDIA A40 | 45°C, 100 % |   499 / 46068 MB | root(?M)
[3] NVIDIA A40 | 42°C, 100 % |   499 / 46068 MB | root(?M)
[4] NVIDIA A40 | 43°C, 100 % |   499 / 46068 MB | root(?M)
[5] NVIDIA A40 | 45°C, 100 % |   499 / 46068 MB | root(?M)
[6] NVIDIA A40 | 48°C, 100 % |   499 / 46068 MB | root(?M)
[7] NVIDIA A40 | 50°C, 100 % |   479 / 46068 MB | root(?M)

===== 2025-12-24 11:13:36 =====
s8             Wed Dec 24 11:13:37 2025  560.35.05
[0] NVIDIA A40 | 46°C, 100 % |  2437 / 46068 MB | root(?M)
[1] NVIDIA A40 | 48°C, 100 % |  2441 / 46068 MB | root(?M)
[2] NVIDIA A40 | 45°C,   0 % |   499 / 46068 MB | root(?M)
[3] NVIDIA A40 | 43°C, 100 % |   499 / 46068 MB | root(?M)
[4] NVIDIA A40 | 43°C, 100 % |   499 / 46068 MB | root(?M)
[5] NVIDIA A40 | 45°C, 100 % |   499 / 46068 MB | root(?M)
[6] NVIDIA A40 | 48°C, 100 % |   499 / 46068 MB | root(?M)
[7] NVIDIA A40 | 50°C, 100 % |   479 / 46068 MB | root(?M)

===== 2025-12-24 11:13:38 =====
s8             Wed Dec 24 11:13:39 2025  560.35.05
[0] NVIDIA A40 | 46°C, 100 % |  2437 / 46068 MB | root(?M)
[1] NVIDIA A40 | 48°C, 100 % |  2441 / 46068 MB | root(?M)
[2] NVIDIA A40 | 45°C,  99 % |  1663 / 46068 MB | root(?M)
[3] NVIDIA A40 | 43°C, 100 % |  1663 / 46068 MB | root(?M)
[4] NVIDIA A40 | 43°C,   0 % |   499 / 46068 MB | root(?M)
[5] NVIDIA A40 | 45°C, 100 % |   499 / 46068 MB | root(?M)
[6] NVIDIA A40 | 48°C, 100 % |   499 / 46068 MB | root(?M)
[7] NVIDIA A40 | 50°C, 100 % |   479 / 46068 MB | root(?M)

===== 2025-12-24 11:13:40 =====
s8             Wed Dec 24 11:13:41 2025  560.35.05
[0] NVIDIA A40 | 46°C, 100 % |  2437 / 46068 MB | root(?M)
[1] NVIDIA A40 | 48°C, 100 % |  2441 / 46068 MB | root(?M)
[2] NVIDIA A40 | 46°C, 100 % |  1663 / 46068 MB | root(?M)
[3] NVIDIA A40 | 43°C, 100 % |  1663 / 46068 MB | root(?M)
[4] NVIDIA A40 | 44°C, 100 % |  1663 / 46068 MB | root(?M)
[5] NVIDIA A40 | 45°C,  87 % |  1663 / 46068 MB | root(?M)
[6] NVIDIA A40 | 48°C,   0 % |   499 / 46068 MB | root(?M)
[7] NVIDIA A40 | 50°C, 100 % |   479 / 46068 MB | root(?M)

===== 2025-12-24 11:13:42 =====
s8             Wed Dec 24 11:13:43 2025  560.35.05
[0] NVIDIA A40 | 46°C, 100 % |  2437 / 46068 MB | root(?M)
[1] NVIDIA A40 | 48°C, 100 % |  2441 / 46068 MB | root(?M)
[2] NVIDIA A40 | 46°C, 100 % |  1663 / 46068 MB | root(?M)
[3] NVIDIA A40 | 43°C, 100 % |  1663 / 46068 MB | root(?M)
[4] NVIDIA A40 | 44°C, 100 % |  1663 / 46068 MB | root(?M)
[5] NVIDIA A40 | 45°C, 100 % |  1663 / 46068 MB | root(?M)
[6] NVIDIA A40 | 48°C,   7 % |  1969 / 46068 MB | root(?M)
[7] NVIDIA A40 | 50°C,   0 % |   479 / 46068 MB | root(?M)

===== 2025-12-24 11:13:44 =====
s8             Wed Dec 24 11:13:45 2025  560.35.05
[0] NVIDIA A40 | 45°C,  73 % |  2505 / 46068 MB | root(?M)
[1] NVIDIA A40 | 48°C,   9 % |  2589 / 46068 MB | root(?M)
[2] NVIDIA A40 | 45°C,   7 % |  1863 / 46068 MB | root(?M)
[3] NVIDIA A40 | 42°C,  19 % |  1895 / 46068 MB | root(?M)
[4] NVIDIA A40 | 43°C,   0 % |  1863 / 46068 MB | root(?M)
[5] NVIDIA A40 | 45°C,   2 % |  1895 / 46068 MB | root(?M)
[6] NVIDIA A40 | 47°C,   0 % |  2169 / 46068 MB | root(?M)
[7] NVIDIA A40 | 49°C,   0 % |  2181 / 46068 MB | root(?M)

===== 2025-12-24 11:13:46 =====
s8             Wed Dec 24 11:13:47 2025  560.35.05
[0] NVIDIA A40 | 45°C,   0 % |  2617 / 46068 MB | root(?M)
[1] NVIDIA A40 | 47°C,   0 % |  2653 / 46068 MB | root(?M)
[2] NVIDIA A40 | 45°C,   0 % |  1863 / 46068 MB | root(?M)
[3] NVIDIA A40 | 42°C,   0 % |  1895 / 46068 MB | root(?M)
[4] NVIDIA A40 | 42°C,   0 % |  1863 / 46068 MB | root(?M)
[5] NVIDIA A40 | 44°C,   0 % |  1895 / 46068 MB | root(?M)
[6] NVIDIA A40 | 47°C,   0 % |  2169 / 46068 MB | root(?M)
[7] NVIDIA A40 | 49°C,   0 % |  2181 / 46068 MB | root(?M)

===== 2025-12-24 11:13:49 =====
s8             Wed Dec 24 11:13:50 2025  560.35.05
[0] NVIDIA A40 | 44°C,   0 % |  2617 / 46068 MB | root(?M)
[1] NVIDIA A40 | 47°C,   0 % |  2653 / 46068 MB | root(?M)
[2] NVIDIA A40 | 44°C,   0 % |  1863 / 46068 MB | root(?M)
[3] NVIDIA A40 | 42°C,   0 % |  1895 / 46068 MB | root(?M)
[4] NVIDIA A40 | 42°C,   0 % |  1863 / 46068 MB | root(?M)
[5] NVIDIA A40 | 44°C,   0 % |  1895 / 46068 MB | root(?M)
[6] NVIDIA A40 | 47°C,   0 % |  2211 / 46068 MB | root(?M)
[7] NVIDIA A40 | 49°C,   0 % |  2181 / 46068 MB | root(?M)

===== 2025-12-24 11:13:51 =====
s8             Wed Dec 24 11:13:52 2025  560.35.05
[0] NVIDIA A40 | 45°C, 100 % |  2789 / 46068 MB | root(?M)
[1] NVIDIA A40 | 47°C,   0 % |  2723 / 46068 MB | root(?M)
[2] NVIDIA A40 | 45°C, 100 % |  1981 / 46068 MB | root(?M)
[3] NVIDIA A40 | 42°C,   0 % |  1895 / 46068 MB | root(?M)
[4] NVIDIA A40 | 42°C,   0 % |  1863 / 46068 MB | root(?M)
[5] NVIDIA A40 | 44°C,   0 % |  1895 / 46068 MB | root(?M)
[6] NVIDIA A40 | 46°C,   0 % |  2231 / 46068 MB | root(?M)
[7] NVIDIA A40 | 48°C,   0 % |  2243 / 46068 MB | root(?M)

===== 2025-12-24 11:13:53 =====
s8             Wed Dec 24 11:13:54 2025  560.35.05
[0] NVIDIA A40 | 46°C, 100 % |  2821 / 46068 MB | root(?M)
[1] NVIDIA A40 | 48°C, 100 % |  2857 / 46068 MB | root(?M)
[2] NVIDIA A40 | 45°C, 100 % |  2143 / 46068 MB | root(?M)
[3] NVIDIA A40 | 43°C,  81 % |  2419 / 46068 MB | root(?M)
[4] NVIDIA A40 | 45°C,  60 % |  2281 / 46068 MB | root(?M)
[5] NVIDIA A40 | 46°C,  45 % |  2325 / 46068 MB | root(?M)
[6] NVIDIA A40 | 52°C,  86 % |  5995 / 46068 MB | root(?M)
[7] NVIDIA A40 | 54°C,  83 % |  6007 / 46068 MB | root(?M)

===== 2025-12-24 11:13:55 =====
s8             Wed Dec 24 11:13:56 2025  560.35.05
[0] NVIDIA A40 | 48°C,  86 % |  5977 / 46068 MB | root(?M)
[1] NVIDIA A40 | 50°C,  67 % |  5929 / 46068 MB | root(?M)
[2] NVIDIA A40 | 49°C,  41 % |  2531 / 46068 MB | root(?M)
[3] NVIDIA A40 | 46°C,  73 % |  2601 / 46068 MB | root(?M)
[4] NVIDIA A40 | 47°C,  58 % |  2487 / 46068 MB | root(?M)
[5] NVIDIA A40 | 49°C,  51 % |  2523 / 46068 MB | root(?M)
[6] NVIDIA A40 | 54°C,  84 % |  5455 / 46068 MB | root(?M)
[7] NVIDIA A40 | 53°C,  69 % |  4375 / 46068 MB | root(?M)

===== 2025-12-24 11:13:57 =====
s8             Wed Dec 24 11:13:58 2025  560.35.05
[0] NVIDIA A40 | 49°C,  77 % |  5781 / 46068 MB | root(?M)
[1] NVIDIA A40 | 50°C,  65 % |  5689 / 46068 MB | root(?M)
[2] NVIDIA A40 | 48°C,  32 % |  2121 / 46068 MB | root(?M)
[3] NVIDIA A40 | 45°C,  49 % |  2223 / 46068 MB | root(?M)
[4] NVIDIA A40 | 46°C,  66 % |  2371 / 46068 MB | root(?M)
[5] NVIDIA A40 | 48°C,  47 % |  2419 / 46068 MB | root(?M)
[6] NVIDIA A40 | 54°C,  84 % |  5453 / 46068 MB | root(?M)
[7] NVIDIA A40 | 57°C,  85 % |  6395 / 46068 MB | root(?M)

===== 2025-12-24 11:13:59 =====
s8             Wed Dec 24 11:14:00 2025  560.35.05
[0] NVIDIA A40 | 49°C,  83 % |  5527 / 46068 MB | root(?M)
[1] NVIDIA A40 | 52°C,  67 % |  5565 / 46068 MB | root(?M)
[2] NVIDIA A40 | 49°C,  58 % |  2631 / 46068 MB | root(?M)
[3] NVIDIA A40 | 47°C,  56 % |  2685 / 46068 MB | root(?M)
[4] NVIDIA A40 | 48°C,  56 % |  2545 / 46068 MB | root(?M)
[5] NVIDIA A40 | 49°C,  46 % |  2597 / 46068 MB | root(?M)
[6] NVIDIA A40 | 56°C,  85 % |  6459 / 46068 MB | root(?M)
[7] NVIDIA A40 | 54°C,  38 % |  4379 / 46068 MB | root(?M)

===== 2025-12-24 11:14:01 =====
s8             Wed Dec 24 11:14:02 2025  560.35.05
[0] NVIDIA A40 | 50°C,  88 % |  5527 / 46068 MB | root(?M)
[1] NVIDIA A40 | 52°C,  80 % |  5563 / 46068 MB | root(?M)
[2] NVIDIA A40 | 48°C,  34 % |  2197 / 46068 MB | root(?M)
[3] NVIDIA A40 | 46°C,  47 % |  2279 / 46068 MB | root(?M)
[4] NVIDIA A40 | 46°C,  49 % |  2237 / 46068 MB | root(?M)
[5] NVIDIA A40 | 48°C,  65 % |  2373 / 46068 MB | root(?M)
[6] NVIDIA A40 | 55°C,  80 % |  5451 / 46068 MB | root(?M)
[7] NVIDIA A40 | 57°C,  85 % |  5391 / 46068 MB | root(?M)

===== 2025-12-24 11:14:03 =====
s8             Wed Dec 24 11:14:04 2025  560.35.05
[0] NVIDIA A40 | 49°C,  80 % |  5509 / 46068 MB | root(?M)
[1] NVIDIA A40 | 51°C,  65 % |  5545 / 46068 MB | root(?M)
[2] NVIDIA A40 | 50°C,  53 % |  2455 / 46068 MB | root(?M)
[3] NVIDIA A40 | 47°C,  52 % |  2503 / 46068 MB | root(?M)
[4] NVIDIA A40 | 48°C,  65 % |  2405 / 46068 MB | root(?M)
[5] NVIDIA A40 | 49°C,  46 % |  2449 / 46068 MB | root(?M)
[6] NVIDIA A40 | 55°C,  84 % |  5453 / 46068 MB | root(?M)
[7] NVIDIA A40 | 55°C,  83 % |  5393 / 46068 MB | root(?M)

===== 2025-12-24 11:14:05 =====
s8             Wed Dec 24 11:14:06 2025  560.35.05
[0] NVIDIA A40 | 50°C,  83 % |  5513 / 46068 MB | root(?M)
[1] NVIDIA A40 | 52°C,  76 % |  5549 / 46068 MB | root(?M)
[2] NVIDIA A40 | 49°C,  59 % |  2703 / 46068 MB | root(?M)
[3] NVIDIA A40 | 46°C,  56 % |  2235 / 46068 MB | root(?M)
[4] NVIDIA A40 | 47°C,  45 % |  2217 / 46068 MB | root(?M)
[5] NVIDIA A40 | 49°C,  77 % |  2405 / 46068 MB | root(?M)
[6] NVIDIA A40 | 55°C,  79 % |  5365 / 46068 MB | root(?M)
[7] NVIDIA A40 | 57°C,  88 % |  5393 / 46068 MB | root(?M)

===== 2025-12-24 11:14:07 =====
s8             Wed Dec 24 11:14:08 2025  560.35.05
[0] NVIDIA A40 | 50°C,  83 % |  5495 / 46068 MB | root(?M)
[1] NVIDIA A40 | 52°C,  79 % |  5549 / 46068 MB | root(?M)
[2] NVIDIA A40 | 51°C,  44 % |  2587 / 46068 MB | root(?M)
[3] NVIDIA A40 | 48°C,  65 % |  2659 / 46068 MB | root(?M)
[4] NVIDIA A40 | 48°C,  59 % |  2519 / 46068 MB | root(?M)
[5] NVIDIA A40 | 50°C,  44 % |  2559 / 46068 MB | root(?M)
[6] NVIDIA A40 | 57°C,  84 % |  6369 / 46068 MB | root(?M)
[7] NVIDIA A40 | 57°C,  85 % |  6399 / 46068 MB | root(?M)

===== 2025-12-24 11:14:09 =====
s8             Wed Dec 24 11:14:10 2025  560.35.05
[0] NVIDIA A40 | 51°C,  80 % |  5497 / 46068 MB | root(?M)
[1] NVIDIA A40 | 53°C,  85 % |  5549 / 46068 MB | root(?M)
[2] NVIDIA A40 | 49°C,  59 % |  2681 / 46068 MB | root(?M)
[3] NVIDIA A40 | 47°C,  24 % |  2227 / 46068 MB | root(?M)
[4] NVIDIA A40 | 48°C,  68 % |  2209 / 46068 MB | root(?M)
[5] NVIDIA A40 | 49°C,  44 % |  2389 / 46068 MB | root(?M)
[6] NVIDIA A40 | 56°C,  83 % |  5363 / 46068 MB | root(?M)
[7] NVIDIA A40 | 58°C,  85 % |  5391 / 46068 MB | root(?M)

===== 2025-12-24 11:14:11 =====
s8             Wed Dec 24 11:14:12 2025  560.35.05
[0] NVIDIA A40 | 50°C,  84 % |  5493 / 46068 MB | root(?M)
[1] NVIDIA A40 | 52°C,  68 % |  5545 / 46068 MB | root(?M)
[2] NVIDIA A40 | 50°C,  51 % |  2459 / 46068 MB | root(?M)
[3] NVIDIA A40 | 48°C,  56 % |  2519 / 46068 MB | root(?M)
[4] NVIDIA A40 | 48°C,  49 % |  2377 / 46068 MB | root(?M)
[5] NVIDIA A40 | 50°C,  50 % |  2433 / 46068 MB | root(?M)
[6] NVIDIA A40 | 57°C,  83 % |  5363 / 46068 MB | root(?M)
[7] NVIDIA A40 | 57°C,  80 % |  5393 / 46068 MB | root(?M)

===== 2025-12-24 11:14:13 =====
s8             Wed Dec 24 11:14:14 2025  560.35.05
[0] NVIDIA A40 | 51°C,  84 % |  5495 / 46068 MB | root(?M)
[1] NVIDIA A40 | 53°C,  82 % |  5547 / 46068 MB | root(?M)
[2] NVIDIA A40 | 50°C,  54 % |  2659 / 46068 MB | root(?M)
[3] NVIDIA A40 | 47°C,  29 % |  2279 / 46068 MB | root(?M)
[4] NVIDIA A40 | 48°C,  80 % |  2235 / 46068 MB | root(?M)
[5] NVIDIA A40 | 50°C,  51 % |  2383 / 46068 MB | root(?M)
[6] NVIDIA A40 | 58°C,  85 % |  5365 / 46068 MB | root(?M)
[7] NVIDIA A40 | 58°C,  84 % |  5393 / 46068 MB | root(?M)

===== 2025-12-24 11:14:15 =====
s8             Wed Dec 24 11:14:17 2025  560.35.05
[0] NVIDIA A40 | 49°C,  89 % |  4491 / 46068 MB | root(?M)
[1] NVIDIA A40 | 52°C,  69 % |  5525 / 46068 MB | root(?M)
[2] NVIDIA A40 | 51°C,  53 % |  2487 / 46068 MB | root(?M)
[3] NVIDIA A40 | 49°C,  48 % |  2527 / 46068 MB | root(?M)
[4] NVIDIA A40 | 49°C,  46 % |  2421 / 46068 MB | root(?M)
[5] NVIDIA A40 | 50°C,  49 % |  2461 / 46068 MB | root(?M)
[6] NVIDIA A40 | 58°C,  84 % |  6367 / 46068 MB | root(?M)
[7] NVIDIA A40 | 59°C,  84 % |  6395 / 46068 MB | root(?M)

===== 2025-12-24 11:14:18 =====
s8             Wed Dec 24 11:14:19 2025  560.35.05
[0] NVIDIA A40 | 51°C,  70 % |  5493 / 46068 MB | root(?M)
[1] NVIDIA A40 | 54°C,  81 % |  5525 / 46068 MB | root(?M)
[2] NVIDIA A40 | 51°C,  44 % |  2575 / 46068 MB | root(?M)
[3] NVIDIA A40 | 47°C,  53 % |  2479 / 46068 MB | root(?M)
[4] NVIDIA A40 | 47°C,  30 % |  2143 / 46068 MB | root(?M)
[5] NVIDIA A40 | 49°C,  70 % |  2201 / 46068 MB | root(?M)
[6] NVIDIA A40 | 56°C,  79 % |  5361 / 46068 MB | root(?M)
[7] NVIDIA A40 | 60°C,  86 % |  5391 / 46068 MB | root(?M)

===== 2025-12-24 11:14:20 =====
s8             Wed Dec 24 11:14:21 2025  560.35.05
[0] NVIDIA A40 | 49°C,  87 % |  4491 / 46068 MB | root(?M)
[1] NVIDIA A40 | 53°C,  77 % |  5527 / 46068 MB | root(?M)
[2] NVIDIA A40 | 51°C,  37 % |  2539 / 46068 MB | root(?M)
[3] NVIDIA A40 | 49°C,  71 % |  2607 / 46068 MB | root(?M)
[4] NVIDIA A40 | 49°C,  45 % |  2467 / 46068 MB | root(?M)
[5] NVIDIA A40 | 51°C,  51 % |  2521 / 46068 MB | root(?M)
[6] NVIDIA A40 | 58°C,  84 % |  6369 / 46068 MB | root(?M)
[7] NVIDIA A40 | 60°C,  84 % |  6381 / 46068 MB | root(?M)

===== 2025-12-24 11:14:22 =====
s8             Wed Dec 24 11:14:23 2025  560.35.05
[0] NVIDIA A40 | 51°C,  73 % |  5493 / 46068 MB | root(?M)
[1] NVIDIA A40 | 54°C,  87 % |  5525 / 46068 MB | root(?M)
[2] NVIDIA A40 | 52°C,  43 % |  2551 / 46068 MB | root(?M)
[3] NVIDIA A40 | 48°C,  63 % |  2599 / 46068 MB | root(?M)
[4] NVIDIA A40 | 47°C,  25 % |  2083 / 46068 MB | root(?M)
[5] NVIDIA A40 | 48°C,   4 % |  2221 / 46068 MB | root(?M)
[6] NVIDIA A40 | 54°C,   0 % |  4349 / 46068 MB | root(?M)
[7] NVIDIA A40 | 55°C,   0 % |  4363 / 46068 MB | root(?M)

===== 2025-12-24 11:14:24 =====
s8             Wed Dec 24 11:14:25 2025  560.35.05
[0] NVIDIA A40 | 47°C,   0 % |  4834 / 46068 MB | root(?M) root(?M) root(?M)
[1] NVIDIA A40 | 50°C,   1 % |  4838 / 46068 MB | root(?M) root(?M) root(?M)
[2] NVIDIA A40 | 48°C,   0 % |  2142 / 46068 MB | root(?M) root(?M)
[3] NVIDIA A40 | 45°C,   0 % |  2260 / 46068 MB | root(?M) root(?M)
[4] NVIDIA A40 | 45°C,   1 % |  2098 / 46068 MB | root(?M) root(?M)
[5] NVIDIA A40 | 47°C,   0 % |  2260 / 46068 MB | root(?M) root(?M)
[6] NVIDIA A40 | 52°C,   1 % |  4103 / 46068 MB | root(?M)
[7] NVIDIA A40 | 54°C,   1 % |  4137 / 46068 MB | root(?M)

===== 2025-12-24 11:14:26 =====
s8             Wed Dec 24 11:14:27 2025  560.35.05
[0] NVIDIA A40 | 47°C,   0 % |   269 / 46068 MB | root(?M)
[1] NVIDIA A40 | 49°C,   3 % |     0 / 46068 MB |
[2] NVIDIA A40 | 47°C,   0 % |     0 / 46068 MB |
[3] NVIDIA A40 | 44°C,   0 % |     0 / 46068 MB |
[4] NVIDIA A40 | 45°C,   0 % |     0 / 46068 MB |
[5] NVIDIA A40 | 46°C,   0 % |     0 / 46068 MB |
[6] NVIDIA A40 | 51°C,   0 % |     0 / 46068 MB |
[7] NVIDIA A40 | 53°C,   0 % |     0 / 46068 MB |
