===== 2025-12-24 11:17:04 =====
s8             Wed Dec 24 11:17:05 2025  560.35.05
[0] NVIDIA A40 | 46°C,   0 % |     0 / 46068 MB |
[1] NVIDIA A40 | 49°C,   0 % |     0 / 46068 MB |
[2] NVIDIA A40 | 47°C,   0 % |     0 / 46068 MB |
[3] NVIDIA A40 | 44°C,   0 % |     0 / 46068 MB |
[4] NVIDIA A40 | 45°C,   0 % |     0 / 46068 MB |
[5] NVIDIA A40 | 46°C,   0 % |     0 / 46068 MB |
[6] NVIDIA A40 | 50°C,   0 % |     0 / 46068 MB |
[7] NVIDIA A40 | 52°C,   0 % |     0 / 46068 MB |

===== 2025-12-24 11:17:06 =====
s8             Wed Dec 24 11:17:07 2025  560.35.05
[0] NVIDIA A40 | 44°C,   0 % |     0 / 46068 MB |
[1] NVIDIA A40 | 47°C,   0 % |     0 / 46068 MB |
[2] NVIDIA A40 | 45°C,   0 % |     0 / 46068 MB |
[3] NVIDIA A40 | 43°C,   0 % |     0 / 46068 MB |
[4] NVIDIA A40 | 43°C,   0 % |     0 / 46068 MB |
[5] NVIDIA A40 | 44°C,   0 % |     0 / 46068 MB |
[6] NVIDIA A40 | 48°C,   0 % |     0 / 46068 MB |
[7] NVIDIA A40 | 51°C,   0 % |     0 / 46068 MB |

===== 2025-12-24 11:17:08 =====
s8             Wed Dec 24 11:17:09 2025  560.35.05
[0] NVIDIA A40 | 44°C,   0 % |     0 / 46068 MB |
[1] NVIDIA A40 | 46°C,   0 % |     0 / 46068 MB |
[2] NVIDIA A40 | 45°C,   0 % |     0 / 46068 MB |
[3] NVIDIA A40 | 42°C,   0 % |     0 / 46068 MB |
[4] NVIDIA A40 | 42°C,   0 % |     0 / 46068 MB |
[5] NVIDIA A40 | 44°C,   0 % |     0 / 46068 MB |
[6] NVIDIA A40 | 47°C,   0 % |     0 / 46068 MB |
[7] NVIDIA A40 | 50°C,   0 % |     0 / 46068 MB |

===== 2025-12-24 11:17:10 =====
s8             Wed Dec 24 11:17:11 2025  560.35.05
[0] NVIDIA A40 | 43°C,   0 % |     0 / 46068 MB |
[1] NVIDIA A40 | 46°C,   0 % |     0 / 46068 MB |
[2] NVIDIA A40 | 44°C,   0 % |     0 / 46068 MB |
[3] NVIDIA A40 | 42°C,   0 % |     0 / 46068 MB |
[4] NVIDIA A40 | 42°C,   0 % |     0 / 46068 MB |
[5] NVIDIA A40 | 44°C,   0 % |     0 / 46068 MB |
[6] NVIDIA A40 | 47°C,   0 % |     0 / 46068 MB |
[7] NVIDIA A40 | 49°C,   0 % |     0 / 46068 MB |

===== 2025-12-24 11:17:12 =====
s8             Wed Dec 24 11:17:13 2025  560.35.05
[0] NVIDIA A40 | 43°C,   0 % |     9 / 46068 MB |
[1] NVIDIA A40 | 47°C,   1 % |   315 / 46068 MB | root(?M)
[2] NVIDIA A40 | 45°C,   4 % |   315 / 46068 MB | root(?M)
[3] NVIDIA A40 | 43°C,   0 % |   315 / 46068 MB | root(?M)
[4] NVIDIA A40 | 43°C,   0 % |   315 / 46068 MB | root(?M)
[5] NVIDIA A40 | 45°C,   0 % |   315 / 46068 MB | root(?M)
[6] NVIDIA A40 | 48°C,   0 % |   315 / 46068 MB | root(?M)
[7] NVIDIA A40 | 50°C,   0 % |   315 / 46068 MB | root(?M)

===== 2025-12-24 11:17:14 =====
s8             Wed Dec 24 11:17:15 2025  560.35.05
[0] NVIDIA A40 | 45°C,   0 % |  2437 / 46068 MB | root(?M)
[1] NVIDIA A40 | 47°C,   3 % |   499 / 46068 MB | root(?M)
[2] NVIDIA A40 | 46°C,  72 % |   499 / 46068 MB | root(?M)
[3] NVIDIA A40 | 44°C, 100 % |   499 / 46068 MB | root(?M)
[4] NVIDIA A40 | 44°C, 100 % |   499 / 46068 MB | root(?M)
[5] NVIDIA A40 | 46°C, 100 % |   499 / 46068 MB | root(?M)
[6] NVIDIA A40 | 49°C, 100 % |   499 / 46068 MB | root(?M)
[7] NVIDIA A40 | 51°C, 100 % |   479 / 46068 MB | root(?M)

===== 2025-12-24 11:17:16 =====
s8             Wed Dec 24 11:17:17 2025  560.35.05
[0] NVIDIA A40 | 46°C, 100 % |  2437 / 46068 MB | root(?M)
[1] NVIDIA A40 | 48°C, 100 % |  2441 / 46068 MB | root(?M)
[2] NVIDIA A40 | 46°C,  27 % |  1663 / 46068 MB | root(?M)
[3] NVIDIA A40 | 43°C,  15 % |   499 / 46068 MB | root(?M)
[4] NVIDIA A40 | 44°C, 100 % |   499 / 46068 MB | root(?M)
[5] NVIDIA A40 | 46°C, 100 % |   499 / 46068 MB | root(?M)
[6] NVIDIA A40 | 49°C, 100 % |   499 / 46068 MB | root(?M)
[7] NVIDIA A40 | 51°C, 100 % |   479 / 46068 MB | root(?M)

===== 2025-12-24 11:17:18 =====
s8             Wed Dec 24 11:17:19 2025  560.35.05
[0] NVIDIA A40 | 46°C, 100 % |  2437 / 46068 MB | root(?M)
[1] NVIDIA A40 | 48°C, 100 % |  2441 / 46068 MB | root(?M)
[2] NVIDIA A40 | 47°C, 100 % |  1663 / 46068 MB | root(?M)
[3] NVIDIA A40 | 44°C, 100 % |  1663 / 46068 MB | root(?M)
[4] NVIDIA A40 | 43°C,  13 % |  1663 / 46068 MB | root(?M)
[5] NVIDIA A40 | 46°C, 100 % |   499 / 46068 MB | root(?M)
[6] NVIDIA A40 | 49°C, 100 % |   499 / 46068 MB | root(?M)
[7] NVIDIA A40 | 51°C, 100 % |   479 / 46068 MB | root(?M)

===== 2025-12-24 11:17:20 =====
s8             Wed Dec 24 11:17:21 2025  560.35.05
[0] NVIDIA A40 | 46°C, 100 % |  2437 / 46068 MB | root(?M)
[1] NVIDIA A40 | 48°C, 100 % |  2441 / 46068 MB | root(?M)
[2] NVIDIA A40 | 47°C, 100 % |  1663 / 46068 MB | root(?M)
[3] NVIDIA A40 | 44°C, 100 % |  1663 / 46068 MB | root(?M)
[4] NVIDIA A40 | 44°C, 100 % |  1663 / 46068 MB | root(?M)
[5] NVIDIA A40 | 46°C, 100 % |  1663 / 46068 MB | root(?M)
[6] NVIDIA A40 | 48°C,   0 % |   499 / 46068 MB | root(?M)
[7] NVIDIA A40 | 51°C, 100 % |   479 / 46068 MB | root(?M)

===== 2025-12-24 11:17:22 =====
s8             Wed Dec 24 11:17:23 2025  560.35.05
[0] NVIDIA A40 | 46°C, 100 % |  2437 / 46068 MB | root(?M)
[1] NVIDIA A40 | 48°C, 100 % |  2441 / 46068 MB | root(?M)
[2] NVIDIA A40 | 47°C, 100 % |  1663 / 46068 MB | root(?M)
[3] NVIDIA A40 | 44°C, 100 % |  1663 / 46068 MB | root(?M)
[4] NVIDIA A40 | 44°C, 100 % |  1663 / 46068 MB | root(?M)
[5] NVIDIA A40 | 46°C, 100 % |  1663 / 46068 MB | root(?M)
[6] NVIDIA A40 | 49°C, 100 % |  1969 / 46068 MB | root(?M)
[7] NVIDIA A40 | 50°C,   7 % |  1949 / 46068 MB | root(?M)

===== 2025-12-24 11:17:24 =====
s8             Wed Dec 24 11:17:26 2025  560.35.05
[0] NVIDIA A40 | 45°C,   4 % |  2617 / 46068 MB | root(?M)
[1] NVIDIA A40 | 48°C,  12 % |  2653 / 46068 MB | root(?M)
[2] NVIDIA A40 | 46°C,   0 % |  1863 / 46068 MB | root(?M)
[3] NVIDIA A40 | 43°C,   0 % |  1895 / 46068 MB | root(?M)
[4] NVIDIA A40 | 43°C,   0 % |  1863 / 46068 MB | root(?M)
[5] NVIDIA A40 | 45°C,   0 % |  1895 / 46068 MB | root(?M)
[6] NVIDIA A40 | 48°C,   0 % |  2169 / 46068 MB | root(?M)
[7] NVIDIA A40 | 50°C,   0 % |  2181 / 46068 MB | root(?M)

===== 2025-12-24 11:17:27 =====
s8             Wed Dec 24 11:17:28 2025  560.35.05
[0] NVIDIA A40 | 45°C,   0 % |  2617 / 46068 MB | root(?M)
[1] NVIDIA A40 | 47°C,   0 % |  2653 / 46068 MB | root(?M)
[2] NVIDIA A40 | 45°C,   0 % |  1863 / 46068 MB | root(?M)
[3] NVIDIA A40 | 43°C,   0 % |  1895 / 46068 MB | root(?M)
[4] NVIDIA A40 | 43°C,   0 % |  1863 / 46068 MB | root(?M)
[5] NVIDIA A40 | 45°C,   0 % |  1895 / 46068 MB | root(?M)
[6] NVIDIA A40 | 47°C,   0 % |  2169 / 46068 MB | root(?M)
[7] NVIDIA A40 | 50°C,   0 % |  2181 / 46068 MB | root(?M)

===== 2025-12-24 11:17:29 =====
s8             Wed Dec 24 11:17:30 2025  560.35.05
[0] NVIDIA A40 | 44°C,   0 % |  2617 / 46068 MB | root(?M)
[1] NVIDIA A40 | 47°C,   0 % |  2653 / 46068 MB | root(?M)
[2] NVIDIA A40 | 45°C,   0 % |  1863 / 46068 MB | root(?M)
[3] NVIDIA A40 | 42°C,   0 % |  1895 / 46068 MB | root(?M)
[4] NVIDIA A40 | 43°C,   0 % |  1863 / 46068 MB | root(?M)
[5] NVIDIA A40 | 45°C,   0 % |  1895 / 46068 MB | root(?M)
[6] NVIDIA A40 | 47°C,   0 % |  2169 / 46068 MB | root(?M)
[7] NVIDIA A40 | 49°C,   0 % |  2223 / 46068 MB | root(?M)

===== 2025-12-24 11:17:31 =====
s8             Wed Dec 24 11:17:32 2025  560.35.05
[0] NVIDIA A40 | 45°C,   0 % |  3883 / 46068 MB | root(?M)
[1] NVIDIA A40 | 47°C,   0 % |  3943 / 46068 MB | root(?M)
[2] NVIDIA A40 | 46°C,   0 % |  3587 / 46068 MB | root(?M)
[3] NVIDIA A40 | 43°C,   0 % |  3595 / 46068 MB | root(?M)
[4] NVIDIA A40 | 43°C,   3 % |  3611 / 46068 MB | root(?M)
[5] NVIDIA A40 | 45°C,   0 % |  3661 / 46068 MB | root(?M)
[6] NVIDIA A40 | 48°C,   3 % |  2755 / 46068 MB | root(?M)
[7] NVIDIA A40 | 53°C,   1 % |  5807 / 46068 MB | root(?M)

===== 2025-12-24 11:17:33 =====
s8             Wed Dec 24 11:17:34 2025  560.35.05
[0] NVIDIA A40 | 46°C,  99 % |  4407 / 46068 MB | root(?M)
[1] NVIDIA A40 | 49°C, 100 % |  4367 / 46068 MB | root(?M)
[2] NVIDIA A40 | 47°C, 100 % |  4189 / 46068 MB | root(?M)
[3] NVIDIA A40 | 44°C, 100 % |  4223 / 46068 MB | root(?M)
[4] NVIDIA A40 | 49°C, 100 % |  4443 / 46068 MB | root(?M)
[5] NVIDIA A40 | 48°C,  90 % |  4447 / 46068 MB | root(?M)
[6] NVIDIA A40 | 50°C,  86 % |  7163 / 46068 MB | root(?M)
[7] NVIDIA A40 | 52°C, 100 % |  7197 / 46068 MB | root(?M)

===== 2025-12-24 11:17:35 =====
s8             Wed Dec 24 11:17:36 2025  560.35.05
[0] NVIDIA A40 | 48°C,  81 % |  5855 / 46068 MB | root(?M)
[1] NVIDIA A40 | 50°C,  72 % |  5753 / 46068 MB | root(?M)
[2] NVIDIA A40 | 48°C, 100 % |  4555 / 46068 MB | root(?M)
[3] NVIDIA A40 | 45°C, 100 % |  4575 / 46068 MB | root(?M)
[4] NVIDIA A40 | 45°C, 100 % |  4573 / 46068 MB | root(?M)
[5] NVIDIA A40 | 49°C, 100 % |  4793 / 46068 MB | root(?M)
[6] NVIDIA A40 | 53°C,  96 % |  5369 / 46068 MB | root(?M)
[7] NVIDIA A40 | 53°C,   0 % |  5467 / 46068 MB | root(?M)

===== 2025-12-24 11:17:37 =====
s8             Wed Dec 24 11:17:38 2025  560.35.05
[0] NVIDIA A40 | 46°C, 100 % |  5817 / 46068 MB | root(?M)
[1] NVIDIA A40 | 52°C,  94 % |  5721 / 46068 MB | root(?M)
[2] NVIDIA A40 | 50°C,  46 % |  3251 / 46068 MB | root(?M)
[3] NVIDIA A40 | 47°C,  94 % |  4311 / 46068 MB | root(?M)
[4] NVIDIA A40 | 47°C,  95 % |  4441 / 46068 MB | root(?M)
[5] NVIDIA A40 | 48°C,  99 % |  4483 / 46068 MB | root(?M)
[6] NVIDIA A40 | 57°C,  99 % | 12597 / 46068 MB | root(?M)
[7] NVIDIA A40 | 58°C,  99 % | 12739 / 46068 MB | root(?M)

===== 2025-12-24 11:17:39 =====
s8             Wed Dec 24 11:17:40 2025  560.35.05
[0] NVIDIA A40 | 47°C, 100 % |  5533 / 46068 MB | root(?M)
[1] NVIDIA A40 | 49°C, 100 % |  5633 / 46068 MB | root(?M)
[2] NVIDIA A40 | 50°C,  95 % |  4253 / 46068 MB | root(?M)
[3] NVIDIA A40 | 46°C,  64 % |  2635 / 46068 MB | root(?M)
[4] NVIDIA A40 | 46°C, 100 % |  2799 / 46068 MB | root(?M)
[5] NVIDIA A40 | 49°C,  96 % |  3947 / 46068 MB | root(?M)
[6] NVIDIA A40 | 55°C,  96 % |  9729 / 46068 MB | root(?M)
[7] NVIDIA A40 | 59°C,  98 % |  9741 / 46068 MB | root(?M)

===== 2025-12-24 11:17:41 =====
s8             Wed Dec 24 11:17:42 2025  560.35.05
[0] NVIDIA A40 | 47°C, 100 % |  5469 / 46068 MB | root(?M)
[1] NVIDIA A40 | 49°C, 100 % |  5569 / 46068 MB | root(?M)
[2] NVIDIA A40 | 53°C,  95 % |  4741 / 46068 MB | root(?M)
[3] NVIDIA A40 | 47°C,  59 % |  4711 / 46068 MB | root(?M)
[4] NVIDIA A40 | 46°C, 100 % |  2531 / 46068 MB | root(?M)
[5] NVIDIA A40 | 48°C, 100 % |  2745 / 46068 MB | root(?M)
[6] NVIDIA A40 | 52°C,  99 % |  6973 / 46068 MB | root(?M)
[7] NVIDIA A40 | 58°C,  97 % |  8897 / 46068 MB | root(?M)

===== 2025-12-24 11:17:43 =====
s8             Wed Dec 24 11:17:44 2025  560.35.05
[0] NVIDIA A40 | 47°C, 100 % |  5405 / 46068 MB | root(?M)
[1] NVIDIA A40 | 50°C, 100 % |  5569 / 46068 MB | root(?M)
[2] NVIDIA A40 | 48°C, 100 % |  4513 / 46068 MB | root(?M)
[3] NVIDIA A40 | 46°C, 100 % |  4517 / 46068 MB | root(?M)
[4] NVIDIA A40 | 48°C,  92 % |  4683 / 46068 MB | root(?M)
[5] NVIDIA A40 | 49°C,  46 % |  2511 / 46068 MB | root(?M)
[6] NVIDIA A40 | 52°C, 100 % |  6973 / 46068 MB | root(?M)
[7] NVIDIA A40 | 54°C, 100 % |  6985 / 46068 MB | root(?M)

===== 2025-12-24 11:17:45 =====
s8             Wed Dec 24 11:17:46 2025  560.35.05
[0] NVIDIA A40 | 48°C,  85 % |  5405 / 46068 MB | root(?M)
[1] NVIDIA A40 | 51°C,  99 % |  5569 / 46068 MB | root(?M)
[2] NVIDIA A40 | 49°C,  97 % |  4201 / 46068 MB | root(?M)
[3] NVIDIA A40 | 46°C, 100 % |  4227 / 46068 MB | root(?M)
[4] NVIDIA A40 | 50°C, 100 % |  4443 / 46068 MB | root(?M)
[5] NVIDIA A40 | 51°C,  98 % |  4429 / 46068 MB | root(?M)
[6] NVIDIA A40 | 53°C,  43 % |  6973 / 46068 MB | root(?M)
[7] NVIDIA A40 | 54°C, 100 % |  6985 / 46068 MB | root(?M)

===== 2025-12-24 11:17:47 =====
s8             Wed Dec 24 11:17:48 2025  560.35.05
[0] NVIDIA A40 | 48°C, 100 % |  5405 / 46068 MB | root(?M)
[1] NVIDIA A40 | 51°C, 100 % |  5569 / 46068 MB | root(?M)
[2] NVIDIA A40 | 49°C, 100 % |  4461 / 46068 MB | root(?M)
[3] NVIDIA A40 | 46°C, 100 % |  4503 / 46068 MB | root(?M)
[4] NVIDIA A40 | 50°C,  98 % |  4695 / 46068 MB | root(?M)
[5] NVIDIA A40 | 51°C,  76 % |  4727 / 46068 MB | root(?M)
[6] NVIDIA A40 | 54°C,  98 % |  5045 / 46068 MB | root(?M)
[7] NVIDIA A40 | 55°C, 100 % |  5057 / 46068 MB | root(?M)

===== 2025-12-24 11:17:49 =====
s8             Wed Dec 24 11:17:50 2025  560.35.05
[0] NVIDIA A40 | 50°C,  79 % |  5405 / 46068 MB | root(?M)
[1] NVIDIA A40 | 52°C,  81 % |  5569 / 46068 MB | root(?M)
[2] NVIDIA A40 | 50°C,  94 % |  4021 / 46068 MB | root(?M)
[3] NVIDIA A40 | 47°C,  99 % |  4039 / 46068 MB | root(?M)
[4] NVIDIA A40 | 47°C, 100 % |  4137 / 46068 MB | root(?M)
[5] NVIDIA A40 | 52°C,  95 % |  4375 / 46068 MB | root(?M)
[6] NVIDIA A40 | 54°C,  46 % |  6675 / 46068 MB | root(?M)
[7] NVIDIA A40 | 55°C,  29 % |  6687 / 46068 MB | root(?M)

===== 2025-12-24 11:17:51 =====
s8             Wed Dec 24 11:17:53 2025  560.35.05
[0] NVIDIA A40 | 51°C,  95 % |  5405 / 46068 MB | root(?M)
[1] NVIDIA A40 | 52°C,  70 % |  5505 / 46068 MB | root(?M)
[2] NVIDIA A40 | 50°C,  99 % |  3947 / 46068 MB | root(?M)
[3] NVIDIA A40 | 47°C, 100 % |  3993 / 46068 MB | root(?M)
[4] NVIDIA A40 | 47°C, 100 % |  4031 / 46068 MB | root(?M)
[5] NVIDIA A40 | 52°C, 100 % |  4263 / 46068 MB | root(?M)
[6] NVIDIA A40 | 55°C,  77 % |  5045 / 46068 MB | root(?M)
[7] NVIDIA A40 | 56°C,  46 % |  5057 / 46068 MB | root(?M)

===== 2025-12-24 11:17:54 =====
s8             Wed Dec 24 11:17:55 2025  560.35.05
[0] NVIDIA A40 | 51°C,  94 % |  6407 / 46068 MB | root(?M)
[1] NVIDIA A40 | 55°C,  87 % |  5441 / 46068 MB | root(?M)
[2] NVIDIA A40 | 52°C,  74 % |  4005 / 46068 MB | root(?M)
[3] NVIDIA A40 | 48°C,  94 % |  4023 / 46068 MB | root(?M)
[4] NVIDIA A40 | 47°C,  97 % |  3999 / 46068 MB | root(?M)
[5] NVIDIA A40 | 49°C, 100 % |  4047 / 46068 MB | root(?M)
[6] NVIDIA A40 | 57°C,  78 % | 11437 / 46068 MB | root(?M)
[7] NVIDIA A40 | 56°C,  81 % |  5057 / 46068 MB | root(?M)

===== 2025-12-24 11:17:56 =====
s8             Wed Dec 24 11:17:57 2025  560.35.05
[0] NVIDIA A40 | 46°C,   2 % |  5579 / 46068 MB | root(?M) root(?M) root(?M)
[1] NVIDIA A40 | 49°C,   0 % |  5938 / 46068 MB | root(?M) root(?M) root(?M)
[2] NVIDIA A40 | 48°C,   0 % |  2646 / 46068 MB | root(?M) root(?M)
[3] NVIDIA A40 | 45°C,   0 % |  2802 / 46068 MB | root(?M) root(?M)
[4] NVIDIA A40 | 45°C,   1 % |  2626 / 46068 MB | root(?M) root(?M)
[5] NVIDIA A40 | 47°C,   0 % |  2748 / 46068 MB | root(?M) root(?M)
[6] NVIDIA A40 | 50°C,   0 % |  4877 / 46068 MB | root(?M)
[7] NVIDIA A40 | 53°C,   1 % |  4889 / 46068 MB | root(?M)

===== 2025-12-24 11:17:58 =====
s8             Wed Dec 24 11:18:00 2025  560.35.05
[0] NVIDIA A40 | 46°C,  56 % |   269 / 46068 MB | root(?M)
[1] NVIDIA A40 | 49°C,   0 % |   269 / 46068 MB | root(?M)
[2] NVIDIA A40 | 47°C,   0 % |     3 / 46068 MB |
[3] NVIDIA A40 | 44°C,   1 % |     3 / 46068 MB |
[4] NVIDIA A40 | 44°C,   3 % |     0 / 46068 MB |
[5] NVIDIA A40 | 46°C,   3 % |     0 / 46068 MB |
[6] NVIDIA A40 | 50°C,   0 % |     0 / 46068 MB |
[7] NVIDIA A40 | 52°C,  60 % |     0 / 46068 MB |

