===== 2025-12-24 11:14:27 =====
s8             Wed Dec 24 11:14:28 2025  560.35.05
[0] NVIDIA A40 | 47°C,   0 % |     0 / 46068 MB |
[1] NVIDIA A40 | 49°C,   0 % |     0 / 46068 MB |
[2] NVIDIA A40 | 46°C,   0 % |     0 / 46068 MB |
[3] NVIDIA A40 | 43°C,   0 % |     0 / 46068 MB |
[4] NVIDIA A40 | 45°C,   0 % |     0 / 46068 MB |
[5] NVIDIA A40 | 45°C,   0 % |     0 / 46068 MB |
[6] NVIDIA A40 | 51°C,   0 % |     0 / 46068 MB |
[7] NVIDIA A40 | 52°C,   0 % |     0 / 46068 MB |

===== 2025-12-24 11:14:29 =====
s8             Wed Dec 24 11:14:30 2025  560.35.05
[0] NVIDIA A40 | 45°C,   0 % |     0 / 46068 MB |
[1] NVIDIA A40 | 47°C,   0 % |     0 / 46068 MB |
[2] NVIDIA A40 | 45°C,   0 % |     0 / 46068 MB |
[3] NVIDIA A40 | 42°C,   0 % |     0 / 46068 MB |
[4] NVIDIA A40 | 43°C,   0 % |     0 / 46068 MB |
[5] NVIDIA A40 | 44°C,   0 % |     0 / 46068 MB |
[6] NVIDIA A40 | 49°C,   0 % |     0 / 46068 MB |
[7] NVIDIA A40 | 51°C,   0 % |     0 / 46068 MB |

===== 2025-12-24 11:14:31 =====
s8             Wed Dec 24 11:14:32 2025  560.35.05
[0] NVIDIA A40 | 44°C,   0 % |     0 / 46068 MB |
[1] NVIDIA A40 | 47°C,   0 % |     0 / 46068 MB |
[2] NVIDIA A40 | 44°C,   0 % |     0 / 46068 MB |
[3] NVIDIA A40 | 42°C,   0 % |     0 / 46068 MB |
[4] NVIDIA A40 | 42°C,   0 % |     0 / 46068 MB |
[5] NVIDIA A40 | 44°C,   0 % |     0 / 46068 MB |
[6] NVIDIA A40 | 48°C,   0 % |     0 / 46068 MB |
[7] NVIDIA A40 | 50°C,   0 % |     0 / 46068 MB |

===== 2025-12-24 11:14:33 =====
s8             Wed Dec 24 11:14:34 2025  560.35.05
[0] NVIDIA A40 | 44°C,   0 % |     0 / 46068 MB |
[1] NVIDIA A40 | 46°C,   0 % |     0 / 46068 MB |
[2] NVIDIA A40 | 44°C,   0 % |     0 / 46068 MB |
[3] NVIDIA A40 | 42°C,   0 % |     0 / 46068 MB |
[4] NVIDIA A40 | 42°C,   0 % |     0 / 46068 MB |
[5] NVIDIA A40 | 43°C,   0 % |     0 / 46068 MB |
[6] NVIDIA A40 | 47°C,   0 % |     0 / 46068 MB |
[7] NVIDIA A40 | 50°C,   0 % |     0 / 46068 MB |

===== 2025-12-24 11:14:35 =====
s8             Wed Dec 24 11:14:36 2025  560.35.05
[0] NVIDIA A40 | 44°C,   0 % |     3 / 46068 MB |
[1] NVIDIA A40 | 47°C,   0 % |    27 / 46068 MB | root(?M)
[2] NVIDIA A40 | 45°C,   4 % |   315 / 46068 MB | root(?M)
[3] NVIDIA A40 | 42°C,   0 % |   315 / 46068 MB | root(?M)
[4] NVIDIA A40 | 43°C,   3 % |   315 / 46068 MB | root(?M)
[5] NVIDIA A40 | 45°C,   0 % |   315 / 46068 MB | root(?M)
[6] NVIDIA A40 | 48°C,   0 % |   315 / 46068 MB | root(?M)
[7] NVIDIA A40 | 51°C,   0 % |   315 / 46068 MB | root(?M)

===== 2025-12-24 11:14:38 =====
s8             Wed Dec 24 11:14:39 2025  560.35.05
[0] NVIDIA A40 | 45°C,   0 % |  2437 / 46068 MB | root(?M)
[1] NVIDIA A40 | 48°C,   3 % |   499 / 46068 MB | root(?M)
[2] NVIDIA A40 | 46°C,  62 % |   499 / 46068 MB | root(?M)
[3] NVIDIA A40 | 43°C, 100 % |   499 / 46068 MB | root(?M)
[4] NVIDIA A40 | 44°C, 100 % |   499 / 46068 MB | root(?M)
[5] NVIDIA A40 | 46°C, 100 % |   499 / 46068 MB | root(?M)
[6] NVIDIA A40 | 49°C, 100 % |   499 / 46068 MB | root(?M)
[7] NVIDIA A40 | 51°C, 100 % |   479 / 46068 MB | root(?M)

===== 2025-12-24 11:14:40 =====
s8             Wed Dec 24 11:14:41 2025  560.35.05
[0] NVIDIA A40 | 46°C, 100 % |  2437 / 46068 MB | root(?M)
[1] NVIDIA A40 | 48°C, 100 % |  2441 / 46068 MB | root(?M)
[2] NVIDIA A40 | 45°C,   2 % |   615 / 46068 MB | root(?M)
[3] NVIDIA A40 | 44°C, 100 % |   499 / 46068 MB | root(?M)
[4] NVIDIA A40 | 44°C, 100 % |   499 / 46068 MB | root(?M)
[5] NVIDIA A40 | 46°C, 100 % |   499 / 46068 MB | root(?M)
[6] NVIDIA A40 | 49°C, 100 % |   499 / 46068 MB | root(?M)
[7] NVIDIA A40 | 52°C, 100 % |   479 / 46068 MB | root(?M)

===== 2025-12-24 11:14:42 =====
s8             Wed Dec 24 11:14:43 2025  560.35.05
[0] NVIDIA A40 | 46°C, 100 % |  2437 / 46068 MB | root(?M)
[1] NVIDIA A40 | 48°C, 100 % |  2441 / 46068 MB | root(?M)
[2] NVIDIA A40 | 46°C, 100 % |  1663 / 46068 MB | root(?M)
[3] NVIDIA A40 | 43°C,  24 % |  1211 / 46068 MB | root(?M)
[4] NVIDIA A40 | 44°C, 100 % |   499 / 46068 MB | root(?M)
[5] NVIDIA A40 | 46°C, 100 % |   499 / 46068 MB | root(?M)
[6] NVIDIA A40 | 49°C, 100 % |   499 / 46068 MB | root(?M)
[7] NVIDIA A40 | 52°C, 100 % |   479 / 46068 MB | root(?M)

===== 2025-12-24 11:14:44 =====
s8             Wed Dec 24 11:14:45 2025  560.35.05
[0] NVIDIA A40 | 46°C, 100 % |  2437 / 46068 MB | root(?M)
[1] NVIDIA A40 | 49°C, 100 % |  2441 / 46068 MB | root(?M)
[2] NVIDIA A40 | 46°C, 100 % |  1663 / 46068 MB | root(?M)
[3] NVIDIA A40 | 44°C, 100 % |  1663 / 46068 MB | root(?M)
[4] NVIDIA A40 | 44°C, 100 % |  1663 / 46068 MB | root(?M)
[5] NVIDIA A40 | 45°C,   0 % |   499 / 46068 MB | root(?M)
[6] NVIDIA A40 | 49°C, 100 % |   499 / 46068 MB | root(?M)
[7] NVIDIA A40 | 51°C, 100 % |   479 / 46068 MB | root(?M)

===== 2025-12-24 11:14:46 =====
s8             Wed Dec 24 11:14:47 2025  560.35.05
[0] NVIDIA A40 | 46°C, 100 % |  2437 / 46068 MB | root(?M)
[1] NVIDIA A40 | 49°C, 100 % |  2441 / 46068 MB | root(?M)
[2] NVIDIA A40 | 46°C, 100 % |  1663 / 46068 MB | root(?M)
[3] NVIDIA A40 | 44°C, 100 % |  1663 / 46068 MB | root(?M)
[4] NVIDIA A40 | 44°C, 100 % |  1663 / 46068 MB | root(?M)
[5] NVIDIA A40 | 46°C, 100 % |  1663 / 46068 MB | root(?M)
[6] NVIDIA A40 | 48°C,   3 % |   743 / 46068 MB | root(?M)
[7] NVIDIA A40 | 51°C, 100 % |   479 / 46068 MB | root(?M)

===== 2025-12-24 11:14:48 =====
s8             Wed Dec 24 11:14:49 2025  560.35.05
[0] NVIDIA A40 | 46°C, 100 % |  2437 / 46068 MB | root(?M)
[1] NVIDIA A40 | 49°C, 100 % |  2441 / 46068 MB | root(?M)
[2] NVIDIA A40 | 46°C, 100 % |  1663 / 46068 MB | root(?M)
[3] NVIDIA A40 | 44°C, 100 % |  1663 / 46068 MB | root(?M)
[4] NVIDIA A40 | 44°C, 100 % |  1685 / 46068 MB | root(?M)
[5] NVIDIA A40 | 45°C,  52 % |  1757 / 46068 MB | root(?M)
[6] NVIDIA A40 | 48°C,   0 % |  2097 / 46068 MB | root(?M)
[7] NVIDIA A40 | 51°C,   0 % |  2181 / 46068 MB | root(?M)

===== 2025-12-24 11:14:50 =====
s8             Wed Dec 24 11:14:51 2025  560.35.05
[0] NVIDIA A40 | 45°C,   0 % |  2617 / 46068 MB | root(?M)
[1] NVIDIA A40 | 48°C,   0 % |  2653 / 46068 MB | root(?M)
[2] NVIDIA A40 | 45°C,   0 % |  1863 / 46068 MB | root(?M)
[3] NVIDIA A40 | 42°C,   0 % |  1895 / 46068 MB | root(?M)
[4] NVIDIA A40 | 43°C,   0 % |  1863 / 46068 MB | root(?M)
[5] NVIDIA A40 | 45°C,   0 % |  1895 / 46068 MB | root(?M)
[6] NVIDIA A40 | 47°C,   0 % |  2169 / 46068 MB | root(?M)
[7] NVIDIA A40 | 50°C,   0 % |  2181 / 46068 MB | root(?M)

===== 2025-12-24 11:14:52 =====
s8             Wed Dec 24 11:14:53 2025  560.35.05
[0] NVIDIA A40 | 45°C,   0 % |  2617 / 46068 MB | root(?M)
[1] NVIDIA A40 | 47°C,   0 % |  2653 / 46068 MB | root(?M)
[2] NVIDIA A40 | 45°C,   0 % |  1863 / 46068 MB | root(?M)
[3] NVIDIA A40 | 42°C,   0 % |  1895 / 46068 MB | root(?M)
[4] NVIDIA A40 | 43°C,   0 % |  1863 / 46068 MB | root(?M)
[5] NVIDIA A40 | 45°C,   0 % |  1895 / 46068 MB | root(?M)
[6] NVIDIA A40 | 47°C,   0 % |  2169 / 46068 MB | root(?M)
[7] NVIDIA A40 | 50°C,   0 % |  2181 / 46068 MB | root(?M)

===== 2025-12-24 11:14:54 =====
s8             Wed Dec 24 11:14:55 2025  560.35.05
[0] NVIDIA A40 | 45°C,   0 % |  2617 / 46068 MB | root(?M)
[1] NVIDIA A40 | 48°C,  60 % |  2709 / 46068 MB | root(?M)
[2] NVIDIA A40 | 45°C,   0 % |  1863 / 46068 MB | root(?M)
[3] NVIDIA A40 | 42°C,   0 % |  1895 / 46068 MB | root(?M)
[4] NVIDIA A40 | 43°C,   0 % |  1863 / 46068 MB | root(?M)
[5] NVIDIA A40 | 45°C,   0 % |  1895 / 46068 MB | root(?M)
[6] NVIDIA A40 | 47°C,   0 % |  2231 / 46068 MB | root(?M)
[7] NVIDIA A40 | 49°C,   0 % |  2243 / 46068 MB | root(?M)

===== 2025-12-24 11:14:56 =====
s8             Wed Dec 24 11:14:57 2025  560.35.05
[0] NVIDIA A40 | 46°C, 100 % |  3023 / 46068 MB | root(?M)
[1] NVIDIA A40 | 48°C, 100 % |  3039 / 46068 MB | root(?M)
[2] NVIDIA A40 | 47°C,  83 % |  2599 / 46068 MB | root(?M)
[3] NVIDIA A40 | 45°C,  43 % |  2795 / 46068 MB | root(?M)
[4] NVIDIA A40 | 46°C,  79 % |  2569 / 46068 MB | root(?M)
[5] NVIDIA A40 | 48°C,  57 % |  2653 / 46068 MB | root(?M)
[6] NVIDIA A40 | 54°C,  84 % |  6585 / 46068 MB | root(?M)
[7] NVIDIA A40 | 53°C,  89 % |  6597 / 46068 MB | root(?M)

===== 2025-12-24 11:14:58 =====
s8             Wed Dec 24 11:14:59 2025  560.35.05
[0] NVIDIA A40 | 48°C,  49 % |  4487 / 46068 MB | root(?M)
[1] NVIDIA A40 | 51°C,  88 % |  4573 / 46068 MB | root(?M)
[2] NVIDIA A40 | 50°C,  78 % |  3009 / 46068 MB | root(?M)
[3] NVIDIA A40 | 49°C,  63 % |  3099 / 46068 MB | root(?M)
[4] NVIDIA A40 | 48°C,  59 % |  2819 / 46068 MB | root(?M)
[5] NVIDIA A40 | 49°C,  79 % |  2843 / 46068 MB | root(?M)
[6] NVIDIA A40 | 53°C,  42 % |  4537 / 46068 MB | root(?M)
[7] NVIDIA A40 | 53°C,  43 % |  4549 / 46068 MB | root(?M)

===== 2025-12-24 11:15:00 =====
s8             Wed Dec 24 11:15:01 2025  560.35.05
[0] NVIDIA A40 | 50°C,  92 % |  6423 / 46068 MB | root(?M)
[1] NVIDIA A40 | 53°C,  74 % |  6519 / 46068 MB | root(?M)
[2] NVIDIA A40 | 52°C,  71 % |  3191 / 46068 MB | root(?M)
[3] NVIDIA A40 | 49°C,  78 % |  3223 / 46068 MB | root(?M)
[4] NVIDIA A40 | 47°C,  68 % |  2865 / 46068 MB | root(?M)
[5] NVIDIA A40 | 48°C,  50 % |  2259 / 46068 MB | root(?M)
[6] NVIDIA A40 | 56°C,  63 % |  4773 / 46068 MB | root(?M)
[7] NVIDIA A40 | 57°C,  87 % |  6017 / 46068 MB | root(?M)

===== 2025-12-24 11:15:02 =====
s8             Wed Dec 24 11:15:03 2025  560.35.05
[0] NVIDIA A40 | 51°C,  82 % |  6369 / 46068 MB | root(?M)
[1] NVIDIA A40 | 52°C,  87 % |  6517 / 46068 MB | root(?M)
[2] NVIDIA A40 | 52°C,  77 % |  3055 / 46068 MB | root(?M)
[3] NVIDIA A40 | 47°C,  57 % |  2297 / 46068 MB | root(?M)
[4] NVIDIA A40 | 47°C,  56 % |  2283 / 46068 MB | root(?M)
[5] NVIDIA A40 | 49°C,  67 % |  2395 / 46068 MB | root(?M)
[6] NVIDIA A40 | 57°C,  90 % |  6711 / 46068 MB | root(?M)
[7] NVIDIA A40 | 58°C,  88 % |  6741 / 46068 MB | root(?M)

===== 2025-12-24 11:15:04 =====
s8             Wed Dec 24 11:15:05 2025  560.35.05
[0] NVIDIA A40 | 51°C,  90 % |  6371 / 46068 MB | root(?M)
[1] NVIDIA A40 | 52°C,  94 % |  6487 / 46068 MB | root(?M)
[2] NVIDIA A40 | 51°C,  53 % |  2131 / 46068 MB | root(?M)
[3] NVIDIA A40 | 48°C,  36 % |  2565 / 46068 MB | root(?M)
[4] NVIDIA A40 | 50°C,  88 % |  2741 / 46068 MB | root(?M)
[5] NVIDIA A40 | 51°C,  66 % |  2867 / 46068 MB | root(?M)
[6] NVIDIA A40 | 59°C,  92 % |  6753 / 46068 MB | root(?M)
[7] NVIDIA A40 | 61°C,  88 % |  6765 / 46068 MB | root(?M)

===== 2025-12-24 11:15:06 =====
s8             Wed Dec 24 11:15:07 2025  560.35.05
[0] NVIDIA A40 | 50°C,  81 % |  5365 / 46068 MB | root(?M)
[1] NVIDIA A40 | 52°C,  43 % |  5483 / 46068 MB | root(?M)
[2] NVIDIA A40 | 51°C,  71 % |  2995 / 46068 MB | root(?M)
[3] NVIDIA A40 | 50°C,  83 % |  3151 / 46068 MB | root(?M)
[4] NVIDIA A40 | 51°C,  63 % |  2851 / 46068 MB | root(?M)
[5] NVIDIA A40 | 52°C,  65 % |  2945 / 46068 MB | root(?M)
[6] NVIDIA A40 | 57°C,  91 % |  6751 / 46068 MB | root(?M)
[7] NVIDIA A40 | 57°C,  38 % |  3753 / 46068 MB | root(?M)

===== 2025-12-24 11:15:08 =====
s8             Wed Dec 24 11:15:09 2025  560.35.05
[0] NVIDIA A40 | 50°C,  81 % |  5365 / 46068 MB | root(?M)
[1] NVIDIA A40 | 54°C,  82 % |  6451 / 46068 MB | root(?M)
[2] NVIDIA A40 | 52°C,  62 % |  2879 / 46068 MB | root(?M)
[3] NVIDIA A40 | 50°C,  76 % |  2951 / 46068 MB | root(?M)
[4] NVIDIA A40 | 48°C,  53 % |  2703 / 46068 MB | root(?M)
[5] NVIDIA A40 | 49°C,  44 % |  2299 / 46068 MB | root(?M)
[6] NVIDIA A40 | 57°C,  93 % |  4743 / 46068 MB | root(?M)
[7] NVIDIA A40 | 60°C,  94 % |  5759 / 46068 MB | root(?M)

===== 2025-12-24 11:15:10 =====
s8             Wed Dec 24 11:15:12 2025  560.35.05
[0] NVIDIA A40 | 51°C,  87 % |  6371 / 46068 MB | root(?M)
[1] NVIDIA A40 | 54°C,  91 % |  6423 / 46068 MB | root(?M)
[2] NVIDIA A40 | 51°C,  76 % |  2197 / 46068 MB | root(?M)
[3] NVIDIA A40 | 49°C,  41 % |  2197 / 46068 MB | root(?M)
[4] NVIDIA A40 | 48°C,  72 % |  2361 / 46068 MB | root(?M)
[5] NVIDIA A40 | 51°C,  68 % |  2675 / 46068 MB | root(?M)
[6] NVIDIA A40 | 58°C,  89 % |  6953 / 46068 MB | root(?M)
[7] NVIDIA A40 | 61°C,  91 % |  6965 / 46068 MB | root(?M)

===== 2025-12-24 11:15:13 =====
s8             Wed Dec 24 11:15:14 2025  560.35.05
[0] NVIDIA A40 | 51°C,  90 % |  6369 / 46068 MB | root(?M)
[1] NVIDIA A40 | 52°C,  82 % |  5415 / 46068 MB | root(?M)
[2] NVIDIA A40 | 52°C,  37 % |  2321 / 46068 MB | root(?M)
[3] NVIDIA A40 | 48°C,  85 % |  2639 / 46068 MB | root(?M)
[4] NVIDIA A40 | 50°C,  71 % |  2651 / 46068 MB | root(?M)
[5] NVIDIA A40 | 52°C,  58 % |  2703 / 46068 MB | root(?M)
[6] NVIDIA A40 | 60°C,  91 % |  6709 / 46068 MB | root(?M)
[7] NVIDIA A40 | 60°C,  88 % |  6721 / 46068 MB | root(?M)

===== 2025-12-24 11:15:15 =====
s8             Wed Dec 24 11:15:16 2025  560.35.05
[0] NVIDIA A40 | 51°C,  31 % |  5365 / 46068 MB | root(?M)
[1] NVIDIA A40 | 53°C,  82 % |  5417 / 46068 MB | root(?M)
[2] NVIDIA A40 | 52°C,  75 % |  2879 / 46068 MB | root(?M)
[3] NVIDIA A40 | 51°C,  77 % |  2947 / 46068 MB | root(?M)
[4] NVIDIA A40 | 51°C,  59 % |  2723 / 46068 MB | root(?M)
[5] NVIDIA A40 | 52°C,  76 % |  2781 / 46068 MB | root(?M)
[6] NVIDIA A40 | 57°C,  47 % |  4505 / 46068 MB | root(?M)
[7] NVIDIA A40 | 57°C,  51 % |  4517 / 46068 MB | root(?M)

===== 2025-12-24 11:15:17 =====
s8             Wed Dec 24 11:15:18 2025  560.35.05
[0] NVIDIA A40 | 48°C,   0 % |  5538 / 46068 MB | root(?M) root(?M) root(?M)
[1] NVIDIA A40 | 50°C,   3 % |  5894 / 46068 MB | root(?M) root(?M) root(?M)
[2] NVIDIA A40 | 48°C,   0 % |  2298 / 46068 MB | root(?M) root(?M)
[3] NVIDIA A40 | 46°C,   0 % |  2384 / 46068 MB | root(?M) root(?M)
[4] NVIDIA A40 | 46°C,   1 % |  2242 / 46068 MB | root(?M) root(?M)
[5] NVIDIA A40 | 47°C,   1 % |  2318 / 46068 MB | root(?M) root(?M)
[6] NVIDIA A40 | 52°C,   1 % |  4337 / 46068 MB | root(?M)
[7] NVIDIA A40 | 54°C,   1 % |  4349 / 46068 MB | root(?M)

===== 2025-12-24 11:15:19 =====
s8             Wed Dec 24 11:15:20 2025  560.35.05
[0] NVIDIA A40 | 47°C,   0 % |     3 / 46068 MB |
[1] NVIDIA A40 | 50°C,   3 % |     0 / 46068 MB |
[2] NVIDIA A40 | 48°C,   0 % |     0 / 46068 MB |
[3] NVIDIA A40 | 45°C,   3 % |     0 / 46068 MB |
[4] NVIDIA A40 | 45°C,   0 % |     0 / 46068 MB |
[5] NVIDIA A40 | 47°C,   0 % |     0 / 46068 MB |
[6] NVIDIA A40 | 51°C,   0 % |     0 / 46068 MB |
[7] NVIDIA A40 | 53°C,   0 % |     0 / 46068 MB |
