===== 2025-12-24 11:23:13 =====
s8             Wed Dec 24 11:23:14 2025  560.35.05
[0] NVIDIA A40 | 47°C,   0 % |     0 / 46068 MB |
[1] NVIDIA A40 | 51°C,   0 % |     0 / 46068 MB |
[2] NVIDIA A40 | 48°C,   0 % |     0 / 46068 MB |
[3] NVIDIA A40 | 45°C,   0 % |     0 / 46068 MB |
[4] NVIDIA A40 | 49°C,   0 % |     0 / 46068 MB |
[5] NVIDIA A40 | 51°C,   0 % |     0 / 46068 MB |
[6] NVIDIA A40 | 51°C,   0 % |     0 / 46068 MB |
[7] NVIDIA A40 | 54°C,   0 % |     0 / 46068 MB |

===== 2025-12-24 11:23:15 =====
s8             Wed Dec 24 11:23:16 2025  560.35.05
[0] NVIDIA A40 | 45°C,   0 % |     0 / 46068 MB |
[1] NVIDIA A40 | 49°C,   0 % |     0 / 46068 MB |
[2] NVIDIA A40 | 46°C,   0 % |     0 / 46068 MB |
[3] NVIDIA A40 | 43°C,   0 % |     0 / 46068 MB |
[4] NVIDIA A40 | 46°C,   0 % |     0 / 46068 MB |
[5] NVIDIA A40 | 49°C,   0 % |     0 / 46068 MB |
[6] NVIDIA A40 | 49°C,   0 % |     0 / 46068 MB |
[7] NVIDIA A40 | 52°C,   0 % |     0 / 46068 MB |

===== 2025-12-24 11:23:17 =====
s8             Wed Dec 24 11:23:18 2025  560.35.05
[0] NVIDIA A40 | 45°C,   0 % |     0 / 46068 MB |
[1] NVIDIA A40 | 48°C,   0 % |     0 / 46068 MB |
[2] NVIDIA A40 | 45°C,   0 % |     0 / 46068 MB |
[3] NVIDIA A40 | 42°C,   0 % |     0 / 46068 MB |
[4] NVIDIA A40 | 46°C,   0 % |     0 / 46068 MB |
[5] NVIDIA A40 | 48°C,   0 % |     0 / 46068 MB |
[6] NVIDIA A40 | 48°C,   0 % |     0 / 46068 MB |
[7] NVIDIA A40 | 51°C,   0 % |     0 / 46068 MB |

===== 2025-12-24 11:23:19 =====
s8             Wed Dec 24 11:23:21 2025  560.35.05
[0] NVIDIA A40 | 44°C,   0 % |     0 / 46068 MB |
[1] NVIDIA A40 | 48°C,   0 % |     0 / 46068 MB |
[2] NVIDIA A40 | 45°C,   0 % |     0 / 46068 MB |
[3] NVIDIA A40 | 42°C,   0 % |     0 / 46068 MB |
[4] NVIDIA A40 | 45°C,   0 % |     0 / 46068 MB |
[5] NVIDIA A40 | 47°C,   0 % |     0 / 46068 MB |
[6] NVIDIA A40 | 48°C,   0 % |     0 / 46068 MB |
[7] NVIDIA A40 | 51°C,   0 % |     0 / 46068 MB |

===== 2025-12-24 11:23:22 =====
s8             Wed Dec 24 11:23:23 2025  560.35.05
[0] NVIDIA A40 | 44°C,   0 % |     3 / 46068 MB |
[1] NVIDIA A40 | 49°C,   2 % |   315 / 46068 MB | root(?M)
[2] NVIDIA A40 | 46°C,   0 % |   315 / 46068 MB | root(?M)
[3] NVIDIA A40 | 43°C,   0 % |   315 / 46068 MB | root(?M)
[4] NVIDIA A40 | 46°C,   0 % |   315 / 46068 MB | root(?M)
[5] NVIDIA A40 | 48°C,   0 % |   315 / 46068 MB | root(?M)
[6] NVIDIA A40 | 49°C,   0 % |   315 / 46068 MB | root(?M)
[7] NVIDIA A40 | 52°C,   0 % |   315 / 46068 MB | root(?M)

===== 2025-12-24 11:23:24 =====
s8             Wed Dec 24 11:23:25 2025  560.35.05
[0] NVIDIA A40 | 46°C,  64 % |  3585 / 46068 MB | root(?M)
[1] NVIDIA A40 | 49°C,   0 % |   499 / 46068 MB | root(?M)
[2] NVIDIA A40 | 47°C, 100 % |   499 / 46068 MB | root(?M)
[3] NVIDIA A40 | 44°C, 100 % |   499 / 46068 MB | root(?M)
[4] NVIDIA A40 | 47°C, 100 % |   499 / 46068 MB | root(?M)
[5] NVIDIA A40 | 49°C, 100 % |   499 / 46068 MB | root(?M)
[6] NVIDIA A40 | 50°C, 100 % |   499 / 46068 MB | root(?M)
[7] NVIDIA A40 | 52°C, 100 % |   479 / 46068 MB | root(?M)

===== 2025-12-24 11:23:26 =====
s8             Wed Dec 24 11:23:27 2025  560.35.05
[0] NVIDIA A40 | 46°C, 100 % |  3585 / 46068 MB | root(?M)
[1] NVIDIA A40 | 49°C,   1 % |  3589 / 46068 MB | root(?M)
[2] NVIDIA A40 | 47°C,  67 % |   499 / 46068 MB | root(?M)
[3] NVIDIA A40 | 44°C, 100 % |   499 / 46068 MB | root(?M)
[4] NVIDIA A40 | 47°C, 100 % |   499 / 46068 MB | root(?M)
[5] NVIDIA A40 | 49°C, 100 % |   499 / 46068 MB | root(?M)
[6] NVIDIA A40 | 50°C, 100 % |   499 / 46068 MB | root(?M)
[7] NVIDIA A40 | 52°C, 100 % |   479 / 46068 MB | root(?M)

===== 2025-12-24 11:23:28 =====
s8             Wed Dec 24 11:23:29 2025  560.35.05
[0] NVIDIA A40 | 47°C, 100 % |  3585 / 46068 MB | root(?M)
[1] NVIDIA A40 | 50°C, 100 % |  3589 / 46068 MB | root(?M)
[2] NVIDIA A40 | 47°C, 100 % |  3589 / 46068 MB | root(?M)
[3] NVIDIA A40 | 43°C,   0 % |   499 / 46068 MB | root(?M)
[4] NVIDIA A40 | 47°C, 100 % |   499 / 46068 MB | root(?M)
[5] NVIDIA A40 | 49°C, 100 % |   499 / 46068 MB | root(?M)
[6] NVIDIA A40 | 50°C, 100 % |   499 / 46068 MB | root(?M)
[7] NVIDIA A40 | 52°C, 100 % |   479 / 46068 MB | root(?M)

===== 2025-12-24 11:23:30 =====
s8             Wed Dec 24 11:23:31 2025  560.35.05
[0] NVIDIA A40 | 46°C, 100 % |  3585 / 46068 MB | root(?M)
[1] NVIDIA A40 | 50°C, 100 % |  3589 / 46068 MB | root(?M)
[2] NVIDIA A40 | 47°C, 100 % |  3589 / 46068 MB | root(?M)
[3] NVIDIA A40 | 43°C,  13 % |  2765 / 46068 MB | root(?M)
[4] NVIDIA A40 | 47°C, 100 % |   499 / 46068 MB | root(?M)
[5] NVIDIA A40 | 49°C, 100 % |   499 / 46068 MB | root(?M)
[6] NVIDIA A40 | 50°C, 100 % |   499 / 46068 MB | root(?M)
[7] NVIDIA A40 | 52°C, 100 % |   479 / 46068 MB | root(?M)

===== 2025-12-24 11:23:32 =====
s8             Wed Dec 24 11:23:33 2025  560.35.05
[0] NVIDIA A40 | 46°C, 100 % |  3585 / 46068 MB | root(?M)
[1] NVIDIA A40 | 50°C, 100 % |  3589 / 46068 MB | root(?M)
[2] NVIDIA A40 | 47°C, 100 % |  3589 / 46068 MB | root(?M)
[3] NVIDIA A40 | 44°C, 100 % |  3589 / 46068 MB | root(?M)
[4] NVIDIA A40 | 46°C,   0 % |   515 / 46068 MB | root(?M)
[5] NVIDIA A40 | 49°C, 100 % |   499 / 46068 MB | root(?M)
[6] NVIDIA A40 | 50°C, 100 % |   499 / 46068 MB | root(?M)
[7] NVIDIA A40 | 52°C, 100 % |   479 / 46068 MB | root(?M)

===== 2025-12-24 11:23:34 =====
s8             Wed Dec 24 11:23:35 2025  560.35.05
[0] NVIDIA A40 | 47°C, 100 % |  3585 / 46068 MB | root(?M)
[1] NVIDIA A40 | 50°C, 100 % |  3589 / 46068 MB | root(?M)
[2] NVIDIA A40 | 47°C, 100 % |  3589 / 46068 MB | root(?M)
[3] NVIDIA A40 | 44°C, 100 % |  3589 / 46068 MB | root(?M)
[4] NVIDIA A40 | 45°C,   3 % |  3137 / 46068 MB | root(?M)
[5] NVIDIA A40 | 49°C, 100 % |   499 / 46068 MB | root(?M)
[6] NVIDIA A40 | 50°C, 100 % |   499 / 46068 MB | root(?M)
[7] NVIDIA A40 | 52°C, 100 % |   479 / 46068 MB | root(?M)

===== 2025-12-24 11:23:36 =====
s8             Wed Dec 24 11:23:37 2025  560.35.05
[0] NVIDIA A40 | 46°C, 100 % |  3585 / 46068 MB | root(?M)
[1] NVIDIA A40 | 50°C, 100 % |  3589 / 46068 MB | root(?M)
[2] NVIDIA A40 | 47°C, 100 % |  3589 / 46068 MB | root(?M)
[3] NVIDIA A40 | 44°C, 100 % |  3589 / 46068 MB | root(?M)
[4] NVIDIA A40 | 46°C, 100 % |  3137 / 46068 MB | root(?M)
[5] NVIDIA A40 | 48°C,   0 % |  3137 / 46068 MB | root(?M)
[6] NVIDIA A40 | 49°C,  41 % |   499 / 46068 MB | root(?M)
[7] NVIDIA A40 | 52°C, 100 % |   479 / 46068 MB | root(?M)

===== 2025-12-24 11:23:38 =====
s8             Wed Dec 24 11:23:39 2025  560.35.05
[0] NVIDIA A40 | 46°C, 100 % |  3585 / 46068 MB | root(?M)
[1] NVIDIA A40 | 50°C, 100 % |  3589 / 46068 MB | root(?M)
[2] NVIDIA A40 | 47°C, 100 % |  3589 / 46068 MB | root(?M)
[3] NVIDIA A40 | 44°C, 100 % |  3589 / 46068 MB | root(?M)
[4] NVIDIA A40 | 46°C, 100 % |  3137 / 46068 MB | root(?M)
[5] NVIDIA A40 | 48°C, 100 % |  3137 / 46068 MB | root(?M)
[6] NVIDIA A40 | 48°C,   7 % |  2007 / 46068 MB | root(?M)
[7] NVIDIA A40 | 52°C, 100 % |   479 / 46068 MB | root(?M)

===== 2025-12-24 11:23:40 =====
s8             Wed Dec 24 11:23:41 2025  560.35.05
[0] NVIDIA A40 | 46°C, 100 % |  3585 / 46068 MB | root(?M)
[1] NVIDIA A40 | 50°C, 100 % |  3589 / 46068 MB | root(?M)
[2] NVIDIA A40 | 47°C, 100 % |  3589 / 46068 MB | root(?M)
[3] NVIDIA A40 | 44°C, 100 % |  3589 / 46068 MB | root(?M)
[4] NVIDIA A40 | 46°C, 100 % |  3137 / 46068 MB | root(?M)
[5] NVIDIA A40 | 48°C, 100 % |  3137 / 46068 MB | root(?M)
[6] NVIDIA A40 | 49°C, 100 % |  3137 / 46068 MB | root(?M)
[7] NVIDIA A40 | 51°C,   0 % |   479 / 46068 MB | root(?M)

===== 2025-12-24 11:23:42 =====
s8             Wed Dec 24 11:23:43 2025  560.35.05
[0] NVIDIA A40 | 46°C,  16 % |  3607 / 46068 MB | root(?M)
[1] NVIDIA A40 | 49°C,   0 % |  3755 / 46068 MB | root(?M)
[2] NVIDIA A40 | 46°C,   0 % |  3755 / 46068 MB | root(?M)
[3] NVIDIA A40 | 43°C,   0 % |  3827 / 46068 MB | root(?M)
[4] NVIDIA A40 | 45°C,   0 % |  3467 / 46068 MB | root(?M)
[5] NVIDIA A40 | 48°C,  13 % |  3487 / 46068 MB | root(?M)
[6] NVIDIA A40 | 48°C,  69 % |  3487 / 46068 MB | root(?M)
[7] NVIDIA A40 | 51°C, 100 % |  3467 / 46068 MB | root(?M)

===== 2025-12-24 11:23:44 =====
s8             Wed Dec 24 11:23:45 2025  560.35.05
[0] NVIDIA A40 | 45°C,   0 % |  3951 / 46068 MB | root(?M)
[1] NVIDIA A40 | 48°C,   0 % |  3963 / 46068 MB | root(?M)
[2] NVIDIA A40 | 46°C,   0 % |  3963 / 46068 MB | root(?M)
[3] NVIDIA A40 | 43°C,   0 % |  3963 / 46068 MB | root(?M)
[4] NVIDIA A40 | 45°C,   0 % |  3479 / 46068 MB | root(?M)
[5] NVIDIA A40 | 47°C,   0 % |  3487 / 46068 MB | root(?M)
[6] NVIDIA A40 | 47°C,   0 % |  3487 / 46068 MB | root(?M)
[7] NVIDIA A40 | 50°C,   0 % |  3467 / 46068 MB | root(?M)

===== 2025-12-24 11:23:46 =====
s8             Wed Dec 24 11:23:48 2025  560.35.05
[0] NVIDIA A40 | 45°C,   0 % |  3951 / 46068 MB | root(?M)
[1] NVIDIA A40 | 48°C,   0 % |  3963 / 46068 MB | root(?M)
[2] NVIDIA A40 | 45°C,   0 % |  3963 / 46068 MB | root(?M)
[3] NVIDIA A40 | 42°C,   0 % |  3963 / 46068 MB | root(?M)
[4] NVIDIA A40 | 44°C,   0 % |  3479 / 46068 MB | root(?M)
[5] NVIDIA A40 | 47°C,   0 % |  3487 / 46068 MB | root(?M)
[6] NVIDIA A40 | 47°C,   0 % |  3487 / 46068 MB | root(?M)
[7] NVIDIA A40 | 50°C,   0 % |  3467 / 46068 MB | root(?M)

===== 2025-12-24 11:23:49 =====
s8             Wed Dec 24 11:23:50 2025  560.35.05
[0] NVIDIA A40 | 45°C,   1 % |  4011 / 46068 MB | root(?M)
[1] NVIDIA A40 | 51°C,  40 % |  4777 / 46068 MB | root(?M)
[2] NVIDIA A40 | 48°C,  91 % |  4777 / 46068 MB | root(?M)
[3] NVIDIA A40 | 44°C,  82 % |  4765 / 46068 MB | root(?M)
[4] NVIDIA A40 | 47°C,   0 % |  7339 / 46068 MB | root(?M)
[5] NVIDIA A40 | 51°C,  91 % |  7347 / 46068 MB | root(?M)
[6] NVIDIA A40 | 52°C,  74 % |  7367 / 46068 MB | root(?M)
[7] NVIDIA A40 | 57°C,  76 % | 10419 / 46068 MB | root(?M)

===== 2025-12-24 11:23:51 =====
s8             Wed Dec 24 11:23:52 2025  560.35.05
[0] NVIDIA A40 | 48°C,  63 % |  5453 / 46068 MB | root(?M)
[1] NVIDIA A40 | 54°C,  78 % |  5357 / 46068 MB | root(?M)
[2] NVIDIA A40 | 49°C,  93 % |  5385 / 46068 MB | root(?M)
[3] NVIDIA A40 | 46°C, 100 % |  5357 / 46068 MB | root(?M)
[4] NVIDIA A40 | 54°C,  93 % | 10041 / 46068 MB | root(?M)
[5] NVIDIA A40 | 57°C,  99 % | 10049 / 46068 MB | root(?M)
[6] NVIDIA A40 | 54°C,  62 % |  9111 / 46068 MB | root(?M)
[7] NVIDIA A40 | 55°C,  68 % |  5659 / 46068 MB | root(?M)

===== 2025-12-24 11:23:53 =====
s8             Wed Dec 24 11:23:54 2025  560.35.05
[0] NVIDIA A40 | 48°C, 100 % |  5981 / 46068 MB | root(?M)
[1] NVIDIA A40 | 55°C,  94 % |  7033 / 46068 MB | root(?M)
[2] NVIDIA A40 | 50°C,  93 % |  7025 / 46068 MB | root(?M)
[3] NVIDIA A40 | 47°C,  90 % |  6941 / 46068 MB | root(?M)
[4] NVIDIA A40 | 51°C,  97 % |  6203 / 46068 MB | root(?M)
[5] NVIDIA A40 | 53°C,  42 % |  6085 / 46068 MB | root(?M)
[6] NVIDIA A40 | 56°C,  79 % |  7905 / 46068 MB | root(?M)
[7] NVIDIA A40 | 59°C,  95 % |  8163 / 46068 MB | root(?M)

===== 2025-12-24 11:23:55 =====
s8             Wed Dec 24 11:23:56 2025  560.35.05
[0] NVIDIA A40 | 51°C,  98 % |  7869 / 46068 MB | root(?M)
[1] NVIDIA A40 | 53°C,  67 % |  5737 / 46068 MB | root(?M)
[2] NVIDIA A40 | 53°C,  60 % |  6675 / 46068 MB | root(?M)
[3] NVIDIA A40 | 48°C,  83 % |  6803 / 46068 MB | root(?M)
[4] NVIDIA A40 | 55°C,  95 % |  7567 / 46068 MB | root(?M)
[5] NVIDIA A40 | 58°C,  97 % | 10751 / 46068 MB | root(?M)
[6] NVIDIA A40 | 58°C,  98 % | 10751 / 46068 MB | root(?M)
[7] NVIDIA A40 | 57°C,  99 % |  8071 / 46068 MB | root(?M)

===== 2025-12-24 11:23:57 =====
s8             Wed Dec 24 11:23:58 2025  560.35.05
[0] NVIDIA A40 | 50°C,  89 % |  6795 / 46068 MB | root(?M)
[1] NVIDIA A40 | 53°C, 100 % |  6743 / 46068 MB | root(?M)
[2] NVIDIA A40 | 53°C, 100 % |  6717 / 46068 MB | root(?M)
[3] NVIDIA A40 | 48°C,  97 % |  6813 / 46068 MB | root(?M)
[4] NVIDIA A40 | 55°C, 100 % | 10643 / 46068 MB | root(?M)
[5] NVIDIA A40 | 55°C,  66 % |  6023 / 46068 MB | root(?M)
[6] NVIDIA A40 | 55°C,  44 % |  6767 / 46068 MB | root(?M)
[7] NVIDIA A40 | 60°C,  91 % |  7891 / 46068 MB | root(?M)

===== 2025-12-24 11:23:59 =====
s8             Wed Dec 24 11:24:00 2025  560.35.05
[0] NVIDIA A40 | 53°C, 100 % |  6735 / 46068 MB | root(?M)
[1] NVIDIA A40 | 54°C,  97 % |  6747 / 46068 MB | root(?M)
[2] NVIDIA A40 | 53°C,  98 % |  8623 / 46068 MB | root(?M)
[3] NVIDIA A40 | 49°C,  73 % |  6745 / 46068 MB | root(?M)
[4] NVIDIA A40 | 54°C,  90 % |  6757 / 46068 MB | root(?M)
[5] NVIDIA A40 | 59°C,  74 % |  7713 / 46068 MB | root(?M)
[6] NVIDIA A40 | 59°C,  96 % |  7613 / 46068 MB | root(?M)
[7] NVIDIA A40 | 62°C,  95 % |  9549 / 46068 MB | root(?M)

===== 2025-12-24 11:24:01 =====
s8             Wed Dec 24 11:24:02 2025  560.35.05
[0] NVIDIA A40 | 54°C,  54 % |  5723 / 46068 MB | root(?M)
[1] NVIDIA A40 | 54°C,  98 % |  6609 / 46068 MB | root(?M)
[2] NVIDIA A40 | 51°C, 100 % |  6609 / 46068 MB | root(?M)
[3] NVIDIA A40 | 51°C,  97 % |  6747 / 46068 MB | root(?M)
[4] NVIDIA A40 | 57°C,  97 % | 10595 / 46068 MB | root(?M)
[5] NVIDIA A40 | 58°C,  96 % | 10801 / 46068 MB | root(?M)
[6] NVIDIA A40 | 56°C,  39 % |  6763 / 46068 MB | root(?M)
[7] NVIDIA A40 | 59°C,  41 % |  5883 / 46068 MB | root(?M)

===== 2025-12-24 11:24:03 =====
s8             Wed Dec 24 11:24:04 2025  560.35.05
[0] NVIDIA A40 | 52°C,  93 % |  6737 / 46068 MB | root(?M)
[1] NVIDIA A40 | 54°C,  91 % |  7623 / 46068 MB | root(?M)
[2] NVIDIA A40 | 54°C,  98 % |  7625 / 46068 MB | root(?M)
[3] NVIDIA A40 | 49°C,  97 % |  5675 / 46068 MB | root(?M)
[4] NVIDIA A40 | 57°C,  35 % |  7563 / 46068 MB | root(?M)
[5] NVIDIA A40 | 59°C,  95 % |  7679 / 46068 MB | root(?M)
[6] NVIDIA A40 | 61°C,  88 % |  8267 / 46068 MB | root(?M)
[7] NVIDIA A40 | 62°C,  97 % | 11049 / 46068 MB | root(?M)

===== 2025-12-24 11:24:05 =====
s8             Wed Dec 24 11:24:06 2025  560.35.05
[0] NVIDIA A40 | 53°C,  71 % |  6665 / 46068 MB | root(?M)
[1] NVIDIA A40 | 54°C,  98 % |  6613 / 46068 MB | root(?M)
[2] NVIDIA A40 | 52°C, 100 % |  6615 / 46068 MB | root(?M)
[3] NVIDIA A40 | 50°C,  93 % |  6623 / 46068 MB | root(?M)
[4] NVIDIA A40 | 58°C,  98 % | 12417 / 46068 MB | root(?M)
[5] NVIDIA A40 | 57°C,  71 % | 12535 / 46068 MB | root(?M)
[6] NVIDIA A40 | 57°C,  42 % |  6761 / 46068 MB | root(?M)
[7] NVIDIA A40 | 61°C,  37 % |  5883 / 46068 MB | root(?M)

===== 2025-12-24 11:24:07 =====
s8             Wed Dec 24 11:24:08 2025  560.35.05
[0] NVIDIA A40 | 49°C,   0 % |  6868 / 46068 MB | root(?M) root(?M)
[1] NVIDIA A40 | 52°C,   0 % |  6880 / 46068 MB | root(?M) root(?M)
[2] NVIDIA A40 | 49°C,   2 % |  6862 / 46068 MB | root(?M) root(?M)
[3] NVIDIA A40 | 46°C,   0 % |  6862 / 46068 MB | root(?M) root(?M)
[4] NVIDIA A40 | 50°C,   0 % |  5837 / 46068 MB | root(?M)
[5] NVIDIA A40 | 53°C,   0 % |  5953 / 46068 MB | root(?M)
[6] NVIDIA A40 | 53°C,   0 % |  5693 / 46068 MB | root(?M)
[7] NVIDIA A40 | 55°C,   0 % |  5815 / 46068 MB | root(?M)

===== 2025-12-24 11:24:09 =====
s8             Wed Dec 24 11:24:11 2025  560.35.05
[0] NVIDIA A40 | 48°C,   0 % |     3 / 46068 MB |
[1] NVIDIA A40 | 51°C,   0 % |   269 / 46068 MB | root(?M)
[2] NVIDIA A40 | 48°C,   3 % |     0 / 46068 MB |
[3] NVIDIA A40 | 45°C,   0 % |     0 / 46068 MB |
[4] NVIDIA A40 | 49°C,   0 % |     0 / 46068 MB |
[5] NVIDIA A40 | 51°C,  35 % |     0 / 46068 MB |
[6] NVIDIA A40 | 52°C,   0 % |     0 / 46068 MB |
[7] NVIDIA A40 | 54°C,   0 % |     0 / 46068 MB |
